<html>
<head>
<title>TestNG:  Test</title>
<link href="../testng.css" rel="stylesheet" type="text/css" />
<link href="../my-testng.css" rel="stylesheet" type="text/css" />

<style type="text/css">
.log { display: none;} 
.stack-trace { display: none;} 
</style>
<script type="text/javascript">
<!--
function flip(e) {
  current = e.style.display;
  if (current == 'block') {
    e.style.display = 'none';
    return 0;
  }
  else {
    e.style.display = 'block';
    return 1;
  }
}

function toggleBox(szDivId, elem, msg1, msg2)
{
  var res = -1;  if (document.getElementById) {
    res = flip(document.getElementById(szDivId));
  }
  else if (document.all) {
    // this is the way old msie versions work
    res = flip(document.all[szDivId]);
  }
  if(elem) {
    if(res == 0) elem.innerHTML = msg1; else elem.innerHTML = msg2;
  }

}

function toggleAllBoxes() {
  if (document.getElementsByTagName) {
    d = document.getElementsByTagName('div');
    for (i = 0; i < d.length; i++) {
      if (d[i].className == 'log') {
        flip(d[i]);
      }
    }
  }
}

// -->
</script>

</head>
<body>
<h2 align='center'>Test</h2><table border='1' align="center">
<tr>
<td>Tests passed/Failed/Skipped:</td><td>9/0/18</td>
</tr><tr>
<td>Started on:</td><td>Wed Apr 13 16:09:31 IST 2022</td>
</tr>
<tr><td>Total time:</td><td>0 seconds (645 ms)</td>
</tr><tr>
<td>Included groups:</td><td></td>
</tr><tr>
<td>Excluded groups:</td><td></td>
</tr>
</table><p/>
<small><i>(Hover the method name to see the test class name)</i></small><p/>
<table width='100%' border='1' class='invocation-failed'>
<tr><td colspan='4' align='center'><b>FAILED CONFIGURATIONS</b></td></tr>
<tr><td><b>Test method</b></td>
<td width="30%"><b>Exception</b></td>
<td width="10%"><b>Time (seconds)</b></td>
<td><b>Instance</b></td>
</tr>
<tr>
<td title='com.testclass.saucedemo.TS_checkout_functionality.Url()'><b>Url</b><br>Test class: com.testclass.saucedemo.TS_checkout_functionality</td>
<td><div><pre>org.testng.TestNGException: 
Parameter &apos;browserName&apos; is required by BeforeClass on method Url but has not been marked @Optional or defined
in C:\Users\Kevin\eclipse-workspace\Saucedemo_project\testng.xml
	at java.base/java.util.ArrayList.forEach(ArrayList.java:1511)
... Removed 22 stack frames</pre></div><a href='#' onClick='toggleBox("stack-trace1970982267", this, "Click to show all stack frames", "Click to hide stack frames")'>Click to show all stack frames</a>
<div class='stack-trace' id='stack-trace1970982267'><pre>org.testng.TestNGException: 
Parameter &apos;browserName&apos; is required by BeforeClass on method Url but has not been marked @Optional or defined
in C:\Users\Kevin\eclipse-workspace\Saucedemo_project\testng.xml
	at org.testng.internal.Parameters.createParams(Parameters.java:270)
	at org.testng.internal.Parameters.createParametersForMethod(Parameters.java:358)
	at org.testng.internal.Parameters.createParameters(Parameters.java:700)
	at org.testng.internal.Parameters.createConfigurationParameters(Parameters.java:168)
	at org.testng.internal.ConfigInvoker.invokeConfigurations(ConfigInvoker.java:302)
	at org.testng.internal.TestMethodWorker.invokeBeforeClassMethods(TestMethodWorker.java:176)
	at org.testng.internal.TestMethodWorker.run(TestMethodWorker.java:122)
	at java.base/java.util.ArrayList.forEach(ArrayList.java:1511)
	at org.testng.TestRunner.privateRun(TestRunner.java:794)
	at org.testng.TestRunner.run(TestRunner.java:596)
	at org.testng.SuiteRunner.runTest(SuiteRunner.java:377)
	at org.testng.SuiteRunner.runSequentially(SuiteRunner.java:371)
	at org.testng.SuiteRunner.privateRun(SuiteRunner.java:332)
	at org.testng.SuiteRunner.run(SuiteRunner.java:276)
	at org.testng.SuiteRunnerWorker.runSuite(SuiteRunnerWorker.java:53)
	at org.testng.SuiteRunnerWorker.run(SuiteRunnerWorker.java:96)
	at org.testng.TestNG.runSuitesSequentially(TestNG.java:1212)
	at org.testng.TestNG.runSuitesLocally(TestNG.java:1134)
	at org.testng.TestNG.runSuites(TestNG.java:1063)
	at org.testng.TestNG.run(TestNG.java:1031)
	at org.testng.remote.AbstractRemoteTestNG.run(AbstractRemoteTestNG.java:115)
	at org.testng.remote.RemoteTestNG.initAndRun(RemoteTestNG.java:251)
	at org.testng.remote.RemoteTestNG.main(RemoteTestNG.java:77)
</pre></div></td>
<td>-1649846371</td>
<td>com.testclass.saucedemo.TS_checkout_functionality@6adbc9d</td></tr>
<tr>
<td title='com.testclass.saucedemo.TS_order_complete_back_function.Url()'><b>Url</b><br>Test class: com.testclass.saucedemo.TS_order_complete_back_function</td>
<td><div><pre>org.testng.TestNGException: 
Parameter &apos;browserName&apos; is required by BeforeClass on method Url but has not been marked @Optional or defined
in C:\Users\Kevin\eclipse-workspace\Saucedemo_project\testng.xml
	at java.base/java.util.ArrayList.forEach(ArrayList.java:1511)
... Removed 22 stack frames</pre></div><a href='#' onClick='toggleBox("stack-trace360207322", this, "Click to show all stack frames", "Click to hide stack frames")'>Click to show all stack frames</a>
<div class='stack-trace' id='stack-trace360207322'><pre>org.testng.TestNGException: 
Parameter &apos;browserName&apos; is required by BeforeClass on method Url but has not been marked @Optional or defined
in C:\Users\Kevin\eclipse-workspace\Saucedemo_project\testng.xml
	at org.testng.internal.Parameters.createParams(Parameters.java:270)
	at org.testng.internal.Parameters.createParametersForMethod(Parameters.java:358)
	at org.testng.internal.Parameters.createParameters(Parameters.java:700)
	at org.testng.internal.Parameters.createConfigurationParameters(Parameters.java:168)
	at org.testng.internal.ConfigInvoker.invokeConfigurations(ConfigInvoker.java:302)
	at org.testng.internal.TestMethodWorker.invokeBeforeClassMethods(TestMethodWorker.java:176)
	at org.testng.internal.TestMethodWorker.run(TestMethodWorker.java:122)
	at java.base/java.util.ArrayList.forEach(ArrayList.java:1511)
	at org.testng.TestRunner.privateRun(TestRunner.java:794)
	at org.testng.TestRunner.run(TestRunner.java:596)
	at org.testng.SuiteRunner.runTest(SuiteRunner.java:377)
	at org.testng.SuiteRunner.runSequentially(SuiteRunner.java:371)
	at org.testng.SuiteRunner.privateRun(SuiteRunner.java:332)
	at org.testng.SuiteRunner.run(SuiteRunner.java:276)
	at org.testng.SuiteRunnerWorker.runSuite(SuiteRunnerWorker.java:53)
	at org.testng.SuiteRunnerWorker.run(SuiteRunnerWorker.java:96)
	at org.testng.TestNG.runSuitesSequentially(TestNG.java:1212)
	at org.testng.TestNG.runSuitesLocally(TestNG.java:1134)
	at org.testng.TestNG.runSuites(TestNG.java:1063)
	at org.testng.TestNG.run(TestNG.java:1031)
	at org.testng.remote.AbstractRemoteTestNG.run(AbstractRemoteTestNG.java:115)
	at org.testng.remote.RemoteTestNG.initAndRun(RemoteTestNG.java:251)
	at org.testng.remote.RemoteTestNG.main(RemoteTestNG.java:77)
</pre></div></td>
<td>-1649846371</td>
<td>com.testclass.saucedemo.TS_order_complete_back_function@4550bb58</td></tr>
<tr>
<td title='com.testclass.saucedemo.TS_Login_function.Url()'><b>Url</b><br>Test class: com.testclass.saucedemo.TS_Login_function</td>
<td><div><pre>org.testng.TestNGException: 
Parameter &apos;browserName&apos; is required by BeforeClass on method Url but has not been marked @Optional or defined
in C:\Users\Kevin\eclipse-workspace\Saucedemo_project\testng.xml
	at java.base/java.util.ArrayList.forEach(ArrayList.java:1511)
... Removed 22 stack frames</pre></div><a href='#' onClick='toggleBox("stack-trace1725008249", this, "Click to show all stack frames", "Click to hide stack frames")'>Click to show all stack frames</a>
<div class='stack-trace' id='stack-trace1725008249'><pre>org.testng.TestNGException: 
Parameter &apos;browserName&apos; is required by BeforeClass on method Url but has not been marked @Optional or defined
in C:\Users\Kevin\eclipse-workspace\Saucedemo_project\testng.xml
	at org.testng.internal.Parameters.createParams(Parameters.java:270)
	at org.testng.internal.Parameters.createParametersForMethod(Parameters.java:358)
	at org.testng.internal.Parameters.createParameters(Parameters.java:700)
	at org.testng.internal.Parameters.createConfigurationParameters(Parameters.java:168)
	at org.testng.internal.ConfigInvoker.invokeConfigurations(ConfigInvoker.java:302)
	at org.testng.internal.TestMethodWorker.invokeBeforeClassMethods(TestMethodWorker.java:176)
	at org.testng.internal.TestMethodWorker.run(TestMethodWorker.java:122)
	at java.base/java.util.ArrayList.forEach(ArrayList.java:1511)
	at org.testng.TestRunner.privateRun(TestRunner.java:794)
	at org.testng.TestRunner.run(TestRunner.java:596)
	at org.testng.SuiteRunner.runTest(SuiteRunner.java:377)
	at org.testng.SuiteRunner.runSequentially(SuiteRunner.java:371)
	at org.testng.SuiteRunner.privateRun(SuiteRunner.java:332)
	at org.testng.SuiteRunner.run(SuiteRunner.java:276)
	at org.testng.SuiteRunnerWorker.runSuite(SuiteRunnerWorker.java:53)
	at org.testng.SuiteRunnerWorker.run(SuiteRunnerWorker.java:96)
	at org.testng.TestNG.runSuitesSequentially(TestNG.java:1212)
	at org.testng.TestNG.runSuitesLocally(TestNG.java:1134)
	at org.testng.TestNG.runSuites(TestNG.java:1063)
	at org.testng.TestNG.run(TestNG.java:1031)
	at org.testng.remote.AbstractRemoteTestNG.run(AbstractRemoteTestNG.java:115)
	at org.testng.remote.RemoteTestNG.initAndRun(RemoteTestNG.java:251)
	at org.testng.remote.RemoteTestNG.main(RemoteTestNG.java:77)
</pre></div></td>
<td>-1649846371</td>
<td>com.testclass.saucedemo.TS_Login_function@3febb011</td></tr>
<tr>
<td title='com.testclass.saucedemo.TS_ordercompletepage_confirmation.Url()'><b>Url</b><br>Test class: com.testclass.saucedemo.TS_ordercompletepage_confirmation</td>
<td><div><pre>org.testng.TestNGException: 
Parameter &apos;browserName&apos; is required by BeforeClass on method Url but has not been marked @Optional or defined
in C:\Users\Kevin\eclipse-workspace\Saucedemo_project\testng.xml
	at java.base/java.util.ArrayList.forEach(ArrayList.java:1511)
... Removed 22 stack frames</pre></div><a href='#' onClick='toggleBox("stack-trace1248234350", this, "Click to show all stack frames", "Click to hide stack frames")'>Click to show all stack frames</a>
<div class='stack-trace' id='stack-trace1248234350'><pre>org.testng.TestNGException: 
Parameter &apos;browserName&apos; is required by BeforeClass on method Url but has not been marked @Optional or defined
in C:\Users\Kevin\eclipse-workspace\Saucedemo_project\testng.xml
	at org.testng.internal.Parameters.createParams(Parameters.java:270)
	at org.testng.internal.Parameters.createParametersForMethod(Parameters.java:358)
	at org.testng.internal.Parameters.createParameters(Parameters.java:700)
	at org.testng.internal.Parameters.createConfigurationParameters(Parameters.java:168)
	at org.testng.internal.ConfigInvoker.invokeConfigurations(ConfigInvoker.java:302)
	at org.testng.internal.TestMethodWorker.invokeBeforeClassMethods(TestMethodWorker.java:176)
	at org.testng.internal.TestMethodWorker.run(TestMethodWorker.java:122)
	at java.base/java.util.ArrayList.forEach(ArrayList.java:1511)
	at org.testng.TestRunner.privateRun(TestRunner.java:794)
	at org.testng.TestRunner.run(TestRunner.java:596)
	at org.testng.SuiteRunner.runTest(SuiteRunner.java:377)
	at org.testng.SuiteRunner.runSequentially(SuiteRunner.java:371)
	at org.testng.SuiteRunner.privateRun(SuiteRunner.java:332)
	at org.testng.SuiteRunner.run(SuiteRunner.java:276)
	at org.testng.SuiteRunnerWorker.runSuite(SuiteRunnerWorker.java:53)
	at org.testng.SuiteRunnerWorker.run(SuiteRunnerWorker.java:96)
	at org.testng.TestNG.runSuitesSequentially(TestNG.java:1212)
	at org.testng.TestNG.runSuitesLocally(TestNG.java:1134)
	at org.testng.TestNG.runSuites(TestNG.java:1063)
	at org.testng.TestNG.run(TestNG.java:1031)
	at org.testng.remote.AbstractRemoteTestNG.run(AbstractRemoteTestNG.java:115)
	at org.testng.remote.RemoteTestNG.initAndRun(RemoteTestNG.java:251)
	at org.testng.remote.RemoteTestNG.main(RemoteTestNG.java:77)
</pre></div></td>
<td>-1649846372</td>
<td>com.testclass.saucedemo.TS_ordercompletepage_confirmation@35e2d654</td></tr>
<tr>
<td title='com.testclass.saucedemo.TS_Overview_finish_function.Url()'><b>Url</b><br>Test class: com.testclass.saucedemo.TS_Overview_finish_function</td>
<td><div><pre>org.testng.TestNGException: 
Parameter &apos;browserName&apos; is required by BeforeClass on method Url but has not been marked @Optional or defined
in C:\Users\Kevin\eclipse-workspace\Saucedemo_project\testng.xml
	at java.base/java.util.ArrayList.forEach(ArrayList.java:1511)
... Removed 22 stack frames</pre></div><a href='#' onClick='toggleBox("stack-trace1355457888", this, "Click to show all stack frames", "Click to hide stack frames")'>Click to show all stack frames</a>
<div class='stack-trace' id='stack-trace1355457888'><pre>org.testng.TestNGException: 
Parameter &apos;browserName&apos; is required by BeforeClass on method Url but has not been marked @Optional or defined
in C:\Users\Kevin\eclipse-workspace\Saucedemo_project\testng.xml
	at org.testng.internal.Parameters.createParams(Parameters.java:270)
	at org.testng.internal.Parameters.createParametersForMethod(Parameters.java:358)
	at org.testng.internal.Parameters.createParameters(Parameters.java:700)
	at org.testng.internal.Parameters.createConfigurationParameters(Parameters.java:168)
	at org.testng.internal.ConfigInvoker.invokeConfigurations(ConfigInvoker.java:302)
	at org.testng.internal.TestMethodWorker.invokeBeforeClassMethods(TestMethodWorker.java:176)
	at org.testng.internal.TestMethodWorker.run(TestMethodWorker.java:122)
	at java.base/java.util.ArrayList.forEach(ArrayList.java:1511)
	at org.testng.TestRunner.privateRun(TestRunner.java:794)
	at org.testng.TestRunner.run(TestRunner.java:596)
	at org.testng.SuiteRunner.runTest(SuiteRunner.java:377)
	at org.testng.SuiteRunner.runSequentially(SuiteRunner.java:371)
	at org.testng.SuiteRunner.privateRun(SuiteRunner.java:332)
	at org.testng.SuiteRunner.run(SuiteRunner.java:276)
	at org.testng.SuiteRunnerWorker.runSuite(SuiteRunnerWorker.java:53)
	at org.testng.SuiteRunnerWorker.run(SuiteRunnerWorker.java:96)
	at org.testng.TestNG.runSuitesSequentially(TestNG.java:1212)
	at org.testng.TestNG.runSuitesLocally(TestNG.java:1134)
	at org.testng.TestNG.runSuites(TestNG.java:1063)
	at org.testng.TestNG.run(TestNG.java:1031)
	at org.testng.remote.AbstractRemoteTestNG.run(AbstractRemoteTestNG.java:115)
	at org.testng.remote.RemoteTestNG.initAndRun(RemoteTestNG.java:251)
	at org.testng.remote.RemoteTestNG.main(RemoteTestNG.java:77)
</pre></div></td>
<td>-1649846371</td>
<td>com.testclass.saucedemo.TS_Overview_finish_function@c8c12ac</td></tr>
<tr>
<td title='com.testclass.saucedemo.Sequence_run_of_annotations.Url()'><b>Url</b><br>Test class: com.testclass.saucedemo.Sequence_run_of_annotations</td>
<td><div><pre>org.testng.TestNGException: 
Parameter &apos;browserName&apos; is required by BeforeClass on method Url but has not been marked @Optional or defined
in C:\Users\Kevin\eclipse-workspace\Saucedemo_project\testng.xml
	at java.base/java.util.ArrayList.forEach(ArrayList.java:1511)
... Removed 22 stack frames</pre></div><a href='#' onClick='toggleBox("stack-trace1402433372", this, "Click to show all stack frames", "Click to hide stack frames")'>Click to show all stack frames</a>
<div class='stack-trace' id='stack-trace1402433372'><pre>org.testng.TestNGException: 
Parameter &apos;browserName&apos; is required by BeforeClass on method Url but has not been marked @Optional or defined
in C:\Users\Kevin\eclipse-workspace\Saucedemo_project\testng.xml
	at org.testng.internal.Parameters.createParams(Parameters.java:270)
	at org.testng.internal.Parameters.createParametersForMethod(Parameters.java:358)
	at org.testng.internal.Parameters.createParameters(Parameters.java:700)
	at org.testng.internal.Parameters.createConfigurationParameters(Parameters.java:168)
	at org.testng.internal.ConfigInvoker.invokeConfigurations(ConfigInvoker.java:302)
	at org.testng.internal.TestMethodWorker.invokeBeforeClassMethods(TestMethodWorker.java:176)
	at org.testng.internal.TestMethodWorker.run(TestMethodWorker.java:122)
	at java.base/java.util.ArrayList.forEach(ArrayList.java:1511)
	at org.testng.TestRunner.privateRun(TestRunner.java:794)
	at org.testng.TestRunner.run(TestRunner.java:596)
	at org.testng.SuiteRunner.runTest(SuiteRunner.java:377)
	at org.testng.SuiteRunner.runSequentially(SuiteRunner.java:371)
	at org.testng.SuiteRunner.privateRun(SuiteRunner.java:332)
	at org.testng.SuiteRunner.run(SuiteRunner.java:276)
	at org.testng.SuiteRunnerWorker.runSuite(SuiteRunnerWorker.java:53)
	at org.testng.SuiteRunnerWorker.run(SuiteRunnerWorker.java:96)
	at org.testng.TestNG.runSuitesSequentially(TestNG.java:1212)
	at org.testng.TestNG.runSuitesLocally(TestNG.java:1134)
	at org.testng.TestNG.runSuites(TestNG.java:1063)
	at org.testng.TestNG.run(TestNG.java:1031)
	at org.testng.remote.AbstractRemoteTestNG.run(AbstractRemoteTestNG.java:115)
	at org.testng.remote.RemoteTestNG.initAndRun(RemoteTestNG.java:251)
	at org.testng.remote.RemoteTestNG.main(RemoteTestNG.java:77)
</pre></div></td>
<td>-1649846372</td>
<td>com.testclass.saucedemo.Sequence_run_of_annotations@293a5bf6</td></tr>
<tr>
<td title='com.testclass.saucedemo.TS_addcart_function.Url()'><b>Url</b><br>Test class: com.testclass.saucedemo.TS_addcart_function</td>
<td><div><pre>org.testng.TestNGException: 
Parameter &apos;browserName&apos; is required by BeforeClass on method Url but has not been marked @Optional or defined
in C:\Users\Kevin\eclipse-workspace\Saucedemo_project\testng.xml
	at java.base/java.util.ArrayList.forEach(ArrayList.java:1511)
... Removed 22 stack frames</pre></div><a href='#' onClick='toggleBox("stack-trace1778081847", this, "Click to show all stack frames", "Click to hide stack frames")'>Click to show all stack frames</a>
<div class='stack-trace' id='stack-trace1778081847'><pre>org.testng.TestNGException: 
Parameter &apos;browserName&apos; is required by BeforeClass on method Url but has not been marked @Optional or defined
in C:\Users\Kevin\eclipse-workspace\Saucedemo_project\testng.xml
	at org.testng.internal.Parameters.createParams(Parameters.java:270)
	at org.testng.internal.Parameters.createParametersForMethod(Parameters.java:358)
	at org.testng.internal.Parameters.createParameters(Parameters.java:700)
	at org.testng.internal.Parameters.createConfigurationParameters(Parameters.java:168)
	at org.testng.internal.ConfigInvoker.invokeConfigurations(ConfigInvoker.java:302)
	at org.testng.internal.TestMethodWorker.invokeBeforeClassMethods(TestMethodWorker.java:176)
	at org.testng.internal.TestMethodWorker.run(TestMethodWorker.java:122)
	at java.base/java.util.ArrayList.forEach(ArrayList.java:1511)
	at org.testng.TestRunner.privateRun(TestRunner.java:794)
	at org.testng.TestRunner.run(TestRunner.java:596)
	at org.testng.SuiteRunner.runTest(SuiteRunner.java:377)
	at org.testng.SuiteRunner.runSequentially(SuiteRunner.java:371)
	at org.testng.SuiteRunner.privateRun(SuiteRunner.java:332)
	at org.testng.SuiteRunner.run(SuiteRunner.java:276)
	at org.testng.SuiteRunnerWorker.runSuite(SuiteRunnerWorker.java:53)
	at org.testng.SuiteRunnerWorker.run(SuiteRunnerWorker.java:96)
	at org.testng.TestNG.runSuitesSequentially(TestNG.java:1212)
	at org.testng.TestNG.runSuitesLocally(TestNG.java:1134)
	at org.testng.TestNG.runSuites(TestNG.java:1063)
	at org.testng.TestNG.run(TestNG.java:1031)
	at org.testng.remote.AbstractRemoteTestNG.run(AbstractRemoteTestNG.java:115)
	at org.testng.remote.RemoteTestNG.initAndRun(RemoteTestNG.java:251)
	at org.testng.remote.RemoteTestNG.main(RemoteTestNG.java:77)
</pre></div></td>
<td>-1649846371</td>
<td>com.testclass.saucedemo.TS_addcart_function@2f9f7dcf</td></tr>
<tr>
<td title='com.testclass.saucedemo.TS_continue_shopping.Url()'><b>Url</b><br>Test class: com.testclass.saucedemo.TS_continue_shopping</td>
<td><div><pre>org.testng.TestNGException: 
Parameter &apos;browserName&apos; is required by BeforeClass on method Url but has not been marked @Optional or defined
in C:\Users\Kevin\eclipse-workspace\Saucedemo_project\testng.xml
	at java.base/java.util.ArrayList.forEach(ArrayList.java:1511)
... Removed 22 stack frames</pre></div><a href='#' onClick='toggleBox("stack-trace20094719", this, "Click to show all stack frames", "Click to hide stack frames")'>Click to show all stack frames</a>
<div class='stack-trace' id='stack-trace20094719'><pre>org.testng.TestNGException: 
Parameter &apos;browserName&apos; is required by BeforeClass on method Url but has not been marked @Optional or defined
in C:\Users\Kevin\eclipse-workspace\Saucedemo_project\testng.xml
	at org.testng.internal.Parameters.createParams(Parameters.java:270)
	at org.testng.internal.Parameters.createParametersForMethod(Parameters.java:358)
	at org.testng.internal.Parameters.createParameters(Parameters.java:700)
	at org.testng.internal.Parameters.createConfigurationParameters(Parameters.java:168)
	at org.testng.internal.ConfigInvoker.invokeConfigurations(ConfigInvoker.java:302)
	at org.testng.internal.TestMethodWorker.invokeBeforeClassMethods(TestMethodWorker.java:176)
	at org.testng.internal.TestMethodWorker.run(TestMethodWorker.java:122)
	at java.base/java.util.ArrayList.forEach(ArrayList.java:1511)
	at org.testng.TestRunner.privateRun(TestRunner.java:794)
	at org.testng.TestRunner.run(TestRunner.java:596)
	at org.testng.SuiteRunner.runTest(SuiteRunner.java:377)
	at org.testng.SuiteRunner.runSequentially(SuiteRunner.java:371)
	at org.testng.SuiteRunner.privateRun(SuiteRunner.java:332)
	at org.testng.SuiteRunner.run(SuiteRunner.java:276)
	at org.testng.SuiteRunnerWorker.runSuite(SuiteRunnerWorker.java:53)
	at org.testng.SuiteRunnerWorker.run(SuiteRunnerWorker.java:96)
	at org.testng.TestNG.runSuitesSequentially(TestNG.java:1212)
	at org.testng.TestNG.runSuitesLocally(TestNG.java:1134)
	at org.testng.TestNG.runSuites(TestNG.java:1063)
	at org.testng.TestNG.run(TestNG.java:1031)
	at org.testng.remote.AbstractRemoteTestNG.run(AbstractRemoteTestNG.java:115)
	at org.testng.remote.RemoteTestNG.initAndRun(RemoteTestNG.java:251)
	at org.testng.remote.RemoteTestNG.main(RemoteTestNG.java:77)
</pre></div></td>
<td>-1649846372</td>
<td>com.testclass.saucedemo.TS_continue_shopping@747ddf94</td></tr>
<tr>
<td title='com.testclass.saucedemo.TS_logout_function.Url()'><b>Url</b><br>Test class: com.testclass.saucedemo.TS_logout_function</td>
<td><div><pre>org.testng.TestNGException: 
Parameter &apos;browserName&apos; is required by BeforeClass on method Url but has not been marked @Optional or defined
in C:\Users\Kevin\eclipse-workspace\Saucedemo_project\testng.xml
	at java.base/java.util.ArrayList.forEach(ArrayList.java:1511)
... Removed 22 stack frames</pre></div><a href='#' onClick='toggleBox("stack-trace1716093734", this, "Click to show all stack frames", "Click to hide stack frames")'>Click to show all stack frames</a>
<div class='stack-trace' id='stack-trace1716093734'><pre>org.testng.TestNGException: 
Parameter &apos;browserName&apos; is required by BeforeClass on method Url but has not been marked @Optional or defined
in C:\Users\Kevin\eclipse-workspace\Saucedemo_project\testng.xml
	at org.testng.internal.Parameters.createParams(Parameters.java:270)
	at org.testng.internal.Parameters.createParametersForMethod(Parameters.java:358)
	at org.testng.internal.Parameters.createParameters(Parameters.java:700)
	at org.testng.internal.Parameters.createConfigurationParameters(Parameters.java:168)
	at org.testng.internal.ConfigInvoker.invokeConfigurations(ConfigInvoker.java:302)
	at org.testng.internal.TestMethodWorker.invokeBeforeClassMethods(TestMethodWorker.java:176)
	at org.testng.internal.TestMethodWorker.run(TestMethodWorker.java:122)
	at java.base/java.util.ArrayList.forEach(ArrayList.java:1511)
	at org.testng.TestRunner.privateRun(TestRunner.java:794)
	at org.testng.TestRunner.run(TestRunner.java:596)
	at org.testng.SuiteRunner.runTest(SuiteRunner.java:377)
	at org.testng.SuiteRunner.runSequentially(SuiteRunner.java:371)
	at org.testng.SuiteRunner.privateRun(SuiteRunner.java:332)
	at org.testng.SuiteRunner.run(SuiteRunner.java:276)
	at org.testng.SuiteRunnerWorker.runSuite(SuiteRunnerWorker.java:53)
	at org.testng.SuiteRunnerWorker.run(SuiteRunnerWorker.java:96)
	at org.testng.TestNG.runSuitesSequentially(TestNG.java:1212)
	at org.testng.TestNG.runSuitesLocally(TestNG.java:1134)
	at org.testng.TestNG.runSuites(TestNG.java:1063)
	at org.testng.TestNG.run(TestNG.java:1031)
	at org.testng.remote.AbstractRemoteTestNG.run(AbstractRemoteTestNG.java:115)
	at org.testng.remote.RemoteTestNG.initAndRun(RemoteTestNG.java:251)
	at org.testng.remote.RemoteTestNG.main(RemoteTestNG.java:77)
</pre></div></td>
<td>-1649846372</td>
<td>com.testclass.saucedemo.TS_logout_function@6aeb35e6</td></tr>
<tr>
<td title='com.testclass.saucedemo.TS_Allproductclass.Url()'><b>Url</b><br>Test class: com.testclass.saucedemo.TS_Allproductclass</td>
<td><div><pre>org.testng.TestNGException: 
Parameter &apos;browserName&apos; is required by BeforeClass on method Url but has not been marked @Optional or defined
in C:\Users\Kevin\eclipse-workspace\Saucedemo_project\testng.xml
	at java.base/java.util.ArrayList.forEach(ArrayList.java:1511)
... Removed 22 stack frames</pre></div><a href='#' onClick='toggleBox("stack-trace879583678", this, "Click to show all stack frames", "Click to hide stack frames")'>Click to show all stack frames</a>
<div class='stack-trace' id='stack-trace879583678'><pre>org.testng.TestNGException: 
Parameter &apos;browserName&apos; is required by BeforeClass on method Url but has not been marked @Optional or defined
in C:\Users\Kevin\eclipse-workspace\Saucedemo_project\testng.xml
	at org.testng.internal.Parameters.createParams(Parameters.java:270)
	at org.testng.internal.Parameters.createParametersForMethod(Parameters.java:358)
	at org.testng.internal.Parameters.createParameters(Parameters.java:700)
	at org.testng.internal.Parameters.createConfigurationParameters(Parameters.java:168)
	at org.testng.internal.ConfigInvoker.invokeConfigurations(ConfigInvoker.java:302)
	at org.testng.internal.TestMethodWorker.invokeBeforeClassMethods(TestMethodWorker.java:176)
	at org.testng.internal.TestMethodWorker.run(TestMethodWorker.java:122)
	at java.base/java.util.ArrayList.forEach(ArrayList.java:1511)
	at org.testng.TestRunner.privateRun(TestRunner.java:794)
	at org.testng.TestRunner.run(TestRunner.java:596)
	at org.testng.SuiteRunner.runTest(SuiteRunner.java:377)
	at org.testng.SuiteRunner.runSequentially(SuiteRunner.java:371)
	at org.testng.SuiteRunner.privateRun(SuiteRunner.java:332)
	at org.testng.SuiteRunner.run(SuiteRunner.java:276)
	at org.testng.SuiteRunnerWorker.runSuite(SuiteRunnerWorker.java:53)
	at org.testng.SuiteRunnerWorker.run(SuiteRunnerWorker.java:96)
	at org.testng.TestNG.runSuitesSequentially(TestNG.java:1212)
	at org.testng.TestNG.runSuitesLocally(TestNG.java:1134)
	at org.testng.TestNG.runSuites(TestNG.java:1063)
	at org.testng.TestNG.run(TestNG.java:1031)
	at org.testng.remote.AbstractRemoteTestNG.run(AbstractRemoteTestNG.java:115)
	at org.testng.remote.RemoteTestNG.initAndRun(RemoteTestNG.java:251)
	at org.testng.remote.RemoteTestNG.main(RemoteTestNG.java:77)
</pre></div></td>
<td>-1649846372</td>
<td>com.testclass.saucedemo.TS_Allproductclass@130d63be</td></tr>
<tr>
<td title='com.testclass.saucedemo.TS_yourinfo_cancel_function.Url()'><b>Url</b><br>Test class: com.testclass.saucedemo.TS_yourinfo_cancel_function</td>
<td><div><pre>org.testng.TestNGException: 
Parameter &apos;browserName&apos; is required by BeforeClass on method Url but has not been marked @Optional or defined
in C:\Users\Kevin\eclipse-workspace\Saucedemo_project\testng.xml
	at java.base/java.util.ArrayList.forEach(ArrayList.java:1511)
... Removed 22 stack frames</pre></div><a href='#' onClick='toggleBox("stack-trace1433666880", this, "Click to show all stack frames", "Click to hide stack frames")'>Click to show all stack frames</a>
<div class='stack-trace' id='stack-trace1433666880'><pre>org.testng.TestNGException: 
Parameter &apos;browserName&apos; is required by BeforeClass on method Url but has not been marked @Optional or defined
in C:\Users\Kevin\eclipse-workspace\Saucedemo_project\testng.xml
	at org.testng.internal.Parameters.createParams(Parameters.java:270)
	at org.testng.internal.Parameters.createParametersForMethod(Parameters.java:358)
	at org.testng.internal.Parameters.createParameters(Parameters.java:700)
	at org.testng.internal.Parameters.createConfigurationParameters(Parameters.java:168)
	at org.testng.internal.ConfigInvoker.invokeConfigurations(ConfigInvoker.java:302)
	at org.testng.internal.TestMethodWorker.invokeBeforeClassMethods(TestMethodWorker.java:176)
	at org.testng.internal.TestMethodWorker.run(TestMethodWorker.java:122)
	at java.base/java.util.ArrayList.forEach(ArrayList.java:1511)
	at org.testng.TestRunner.privateRun(TestRunner.java:794)
	at org.testng.TestRunner.run(TestRunner.java:596)
	at org.testng.SuiteRunner.runTest(SuiteRunner.java:377)
	at org.testng.SuiteRunner.runSequentially(SuiteRunner.java:371)
	at org.testng.SuiteRunner.privateRun(SuiteRunner.java:332)
	at org.testng.SuiteRunner.run(SuiteRunner.java:276)
	at org.testng.SuiteRunnerWorker.runSuite(SuiteRunnerWorker.java:53)
	at org.testng.SuiteRunnerWorker.run(SuiteRunnerWorker.java:96)
	at org.testng.TestNG.runSuitesSequentially(TestNG.java:1212)
	at org.testng.TestNG.runSuitesLocally(TestNG.java:1134)
	at org.testng.TestNG.runSuites(TestNG.java:1063)
	at org.testng.TestNG.run(TestNG.java:1031)
	at org.testng.remote.AbstractRemoteTestNG.run(AbstractRemoteTestNG.java:115)
	at org.testng.remote.RemoteTestNG.initAndRun(RemoteTestNG.java:251)
	at org.testng.remote.RemoteTestNG.main(RemoteTestNG.java:77)
</pre></div></td>
<td>-1649846371</td>
<td>com.testclass.saucedemo.TS_yourinfo_cancel_function@1623b78d</td></tr>
<tr>
<td title='com.testclass.saucedemo.TS_yourinfo_continue_function.Url()'><b>Url</b><br>Test class: com.testclass.saucedemo.TS_yourinfo_continue_function</td>
<td><div><pre>org.testng.TestNGException: 
Parameter &apos;browserName&apos; is required by BeforeClass on method Url but has not been marked @Optional or defined
in C:\Users\Kevin\eclipse-workspace\Saucedemo_project\testng.xml
	at java.base/java.util.ArrayList.forEach(ArrayList.java:1511)
... Removed 22 stack frames</pre></div><a href='#' onClick='toggleBox("stack-trace1050065615", this, "Click to show all stack frames", "Click to hide stack frames")'>Click to show all stack frames</a>
<div class='stack-trace' id='stack-trace1050065615'><pre>org.testng.TestNGException: 
Parameter &apos;browserName&apos; is required by BeforeClass on method Url but has not been marked @Optional or defined
in C:\Users\Kevin\eclipse-workspace\Saucedemo_project\testng.xml
	at org.testng.internal.Parameters.createParams(Parameters.java:270)
	at org.testng.internal.Parameters.createParametersForMethod(Parameters.java:358)
	at org.testng.internal.Parameters.createParameters(Parameters.java:700)
	at org.testng.internal.Parameters.createConfigurationParameters(Parameters.java:168)
	at org.testng.internal.ConfigInvoker.invokeConfigurations(ConfigInvoker.java:302)
	at org.testng.internal.TestMethodWorker.invokeBeforeClassMethods(TestMethodWorker.java:176)
	at org.testng.internal.TestMethodWorker.run(TestMethodWorker.java:122)
	at java.base/java.util.ArrayList.forEach(ArrayList.java:1511)
	at org.testng.TestRunner.privateRun(TestRunner.java:794)
	at org.testng.TestRunner.run(TestRunner.java:596)
	at org.testng.SuiteRunner.runTest(SuiteRunner.java:377)
	at org.testng.SuiteRunner.runSequentially(SuiteRunner.java:371)
	at org.testng.SuiteRunner.privateRun(SuiteRunner.java:332)
	at org.testng.SuiteRunner.run(SuiteRunner.java:276)
	at org.testng.SuiteRunnerWorker.runSuite(SuiteRunnerWorker.java:53)
	at org.testng.SuiteRunnerWorker.run(SuiteRunnerWorker.java:96)
	at org.testng.TestNG.runSuitesSequentially(TestNG.java:1212)
	at org.testng.TestNG.runSuitesLocally(TestNG.java:1134)
	at org.testng.TestNG.runSuites(TestNG.java:1063)
	at org.testng.TestNG.run(TestNG.java:1031)
	at org.testng.remote.AbstractRemoteTestNG.run(AbstractRemoteTestNG.java:115)
	at org.testng.remote.RemoteTestNG.initAndRun(RemoteTestNG.java:251)
	at org.testng.remote.RemoteTestNG.main(RemoteTestNG.java:77)
</pre></div></td>
<td>-1649846371</td>
<td>com.testclass.saucedemo.TS_yourinfo_continue_function@5c33f1a9</td></tr>
<tr>
<td title='com.testclass.saucedemo.TS_remove_function.Url()'><b>Url</b><br>Test class: com.testclass.saucedemo.TS_remove_function</td>
<td><div><pre>org.testng.TestNGException: 
Parameter &apos;browserName&apos; is required by BeforeClass on method Url but has not been marked @Optional or defined
in C:\Users\Kevin\eclipse-workspace\Saucedemo_project\testng.xml
	at java.base/java.util.ArrayList.forEach(ArrayList.java:1511)
... Removed 22 stack frames</pre></div><a href='#' onClick='toggleBox("stack-trace1380806038", this, "Click to show all stack frames", "Click to hide stack frames")'>Click to show all stack frames</a>
<div class='stack-trace' id='stack-trace1380806038'><pre>org.testng.TestNGException: 
Parameter &apos;browserName&apos; is required by BeforeClass on method Url but has not been marked @Optional or defined
in C:\Users\Kevin\eclipse-workspace\Saucedemo_project\testng.xml
	at org.testng.internal.Parameters.createParams(Parameters.java:270)
	at org.testng.internal.Parameters.createParametersForMethod(Parameters.java:358)
	at org.testng.internal.Parameters.createParameters(Parameters.java:700)
	at org.testng.internal.Parameters.createConfigurationParameters(Parameters.java:168)
	at org.testng.internal.ConfigInvoker.invokeConfigurations(ConfigInvoker.java:302)
	at org.testng.internal.TestMethodWorker.invokeBeforeClassMethods(TestMethodWorker.java:176)
	at org.testng.internal.TestMethodWorker.run(TestMethodWorker.java:122)
	at java.base/java.util.ArrayList.forEach(ArrayList.java:1511)
	at org.testng.TestRunner.privateRun(TestRunner.java:794)
	at org.testng.TestRunner.run(TestRunner.java:596)
	at org.testng.SuiteRunner.runTest(SuiteRunner.java:377)
	at org.testng.SuiteRunner.runSequentially(SuiteRunner.java:371)
	at org.testng.SuiteRunner.privateRun(SuiteRunner.java:332)
	at org.testng.SuiteRunner.run(SuiteRunner.java:276)
	at org.testng.SuiteRunnerWorker.runSuite(SuiteRunnerWorker.java:53)
	at org.testng.SuiteRunnerWorker.run(SuiteRunnerWorker.java:96)
	at org.testng.TestNG.runSuitesSequentially(TestNG.java:1212)
	at org.testng.TestNG.runSuitesLocally(TestNG.java:1134)
	at org.testng.TestNG.runSuites(TestNG.java:1063)
	at org.testng.TestNG.run(TestNG.java:1031)
	at org.testng.remote.AbstractRemoteTestNG.run(AbstractRemoteTestNG.java:115)
	at org.testng.remote.RemoteTestNG.initAndRun(RemoteTestNG.java:251)
	at org.testng.remote.RemoteTestNG.main(RemoteTestNG.java:77)
</pre></div></td>
<td>-1649846372</td>
<td>com.testclass.saucedemo.TS_remove_function@55183b20</td></tr>
<tr>
<td title='com.testclass.saucedemo.TS_overview_page_cancel_function.Url()'><b>Url</b><br>Test class: com.testclass.saucedemo.TS_overview_page_cancel_function</td>
<td><div><pre>org.testng.TestNGException: 
Parameter &apos;browserName&apos; is required by BeforeClass on method Url but has not been marked @Optional or defined
in C:\Users\Kevin\eclipse-workspace\Saucedemo_project\testng.xml
	at java.base/java.util.ArrayList.forEach(ArrayList.java:1511)
... Removed 22 stack frames</pre></div><a href='#' onClick='toggleBox("stack-trace1819776360", this, "Click to show all stack frames", "Click to hide stack frames")'>Click to show all stack frames</a>
<div class='stack-trace' id='stack-trace1819776360'><pre>org.testng.TestNGException: 
Parameter &apos;browserName&apos; is required by BeforeClass on method Url but has not been marked @Optional or defined
in C:\Users\Kevin\eclipse-workspace\Saucedemo_project\testng.xml
	at org.testng.internal.Parameters.createParams(Parameters.java:270)
	at org.testng.internal.Parameters.createParametersForMethod(Parameters.java:358)
	at org.testng.internal.Parameters.createParameters(Parameters.java:700)
	at org.testng.internal.Parameters.createConfigurationParameters(Parameters.java:168)
	at org.testng.internal.ConfigInvoker.invokeConfigurations(ConfigInvoker.java:302)
	at org.testng.internal.TestMethodWorker.invokeBeforeClassMethods(TestMethodWorker.java:176)
	at org.testng.internal.TestMethodWorker.run(TestMethodWorker.java:122)
	at java.base/java.util.ArrayList.forEach(ArrayList.java:1511)
	at org.testng.TestRunner.privateRun(TestRunner.java:794)
	at org.testng.TestRunner.run(TestRunner.java:596)
	at org.testng.SuiteRunner.runTest(SuiteRunner.java:377)
	at org.testng.SuiteRunner.runSequentially(SuiteRunner.java:371)
	at org.testng.SuiteRunner.privateRun(SuiteRunner.java:332)
	at org.testng.SuiteRunner.run(SuiteRunner.java:276)
	at org.testng.SuiteRunnerWorker.runSuite(SuiteRunnerWorker.java:53)
	at org.testng.SuiteRunnerWorker.run(SuiteRunnerWorker.java:96)
	at org.testng.TestNG.runSuitesSequentially(TestNG.java:1212)
	at org.testng.TestNG.runSuitesLocally(TestNG.java:1134)
	at org.testng.TestNG.runSuites(TestNG.java:1063)
	at org.testng.TestNG.run(TestNG.java:1031)
	at org.testng.remote.AbstractRemoteTestNG.run(AbstractRemoteTestNG.java:115)
	at org.testng.remote.RemoteTestNG.initAndRun(RemoteTestNG.java:251)
	at org.testng.remote.RemoteTestNG.main(RemoteTestNG.java:77)
</pre></div></td>
<td>-1649846372</td>
<td>com.testclass.saucedemo.TS_overview_page_cancel_function@1bd4fdd</td></tr>
</table><p>
<table width='100%' border='1' class='invocation-skipped'>
<tr><td colspan='4' align='center'><b>SKIPPED CONFIGURATIONS</b></td></tr>
<tr><td><b>Test method</b></td>
<td width="30%"><b>Exception</b></td>
<td width="10%"><b>Time (seconds)</b></td>
<td><b>Instance</b></td>
</tr>
<tr>
<td title='com.testclass.saucedemo.TS_yourinfo_continue_function.logoutmethod()'><b>logoutmethod</b><br>Test class: com.testclass.saucedemo.TS_yourinfo_continue_function</td>
<td></td>
<td>-1649846371</td>
<td>com.testclass.saucedemo.TS_yourinfo_continue_function@5c33f1a9</td></tr>
<tr>
<td title='com.testclass.saucedemo.TS_Login_function.logoutmethod()'><b>logoutmethod</b><br>Test class: com.testclass.saucedemo.TS_Login_function</td>
<td></td>
<td>-1649846371</td>
<td>com.testclass.saucedemo.TS_Login_function@3febb011</td></tr>
<tr>
<td title='com.testclass.saucedemo.Sequence_run_of_annotations.loginmethod()'><b>loginmethod</b><br>Test class: com.testclass.saucedemo.Sequence_run_of_annotations</td>
<td></td>
<td>-1649846372</td>
<td>com.testclass.saucedemo.Sequence_run_of_annotations@293a5bf6</td></tr>
<tr>
<td title='com.testclass.saucedemo.TS_checkout_functionality.logoutmethod()'><b>logoutmethod</b><br>Test class: com.testclass.saucedemo.TS_checkout_functionality</td>
<td></td>
<td>-1649846371</td>
<td>com.testclass.saucedemo.TS_checkout_functionality@6adbc9d</td></tr>
<tr>
<td title='com.testclass.saucedemo.TS_yourinfo_cancel_function.closebrowser()'><b>closebrowser</b><br>Test class: com.testclass.saucedemo.TS_yourinfo_cancel_function</td>
<td></td>
<td>-1649846371</td>
<td>com.testclass.saucedemo.TS_yourinfo_cancel_function@1623b78d</td></tr>
<tr>
<td title='com.testclass.saucedemo.Sequence_run_of_annotations.logoutmethod()'><b>logoutmethod</b><br>Test class: com.testclass.saucedemo.Sequence_run_of_annotations</td>
<td></td>
<td>-1649846372</td>
<td>com.testclass.saucedemo.Sequence_run_of_annotations@293a5bf6</td></tr>
<tr>
<td title='com.testclass.saucedemo.TS_order_complete_back_function.logoutmethod()'><b>logoutmethod</b><br>Test class: com.testclass.saucedemo.TS_order_complete_back_function</td>
<td></td>
<td>-1649846371</td>
<td>com.testclass.saucedemo.TS_order_complete_back_function@4550bb58</td></tr>
<tr>
<td title='com.testclass.saucedemo.TS_addcart_function.logoutmethod()'><b>logoutmethod</b><br>Test class: com.testclass.saucedemo.TS_addcart_function</td>
<td></td>
<td>-1649846372</td>
<td>com.testclass.saucedemo.TS_addcart_function@2f9f7dcf</td></tr>
<tr>
<td title='com.testclass.saucedemo.TS_checkout_functionality.loginmethod()'><b>loginmethod</b><br>Test class: com.testclass.saucedemo.TS_checkout_functionality</td>
<td></td>
<td>-1649846371</td>
<td>com.testclass.saucedemo.TS_checkout_functionality@6adbc9d</td></tr>
<tr>
<td title='com.testclass.saucedemo.TS_logout_function.loginmethod()'><b>loginmethod</b><br>Test class: com.testclass.saucedemo.TS_logout_function</td>
<td></td>
<td>-1649846372</td>
<td>com.testclass.saucedemo.TS_logout_function@6aeb35e6</td></tr>
<tr>
<td title='com.testclass.saucedemo.Sequence_run_of_annotations.closebrowser()'><b>closebrowser</b><br>Test class: com.testclass.saucedemo.Sequence_run_of_annotations</td>
<td></td>
<td>-1649846372</td>
<td>com.testclass.saucedemo.Sequence_run_of_annotations@293a5bf6</td></tr>
<tr>
<td title='com.testclass.saucedemo.TS_addcart_function.logoutmethod()'><b>logoutmethod</b><br>Test class: com.testclass.saucedemo.TS_addcart_function</td>
<td></td>
<td>-1649846372</td>
<td>com.testclass.saucedemo.TS_addcart_function@2f9f7dcf</td></tr>
<tr>
<td title='com.testclass.saucedemo.TS_overview_page_cancel_function.closebrowser()'><b>closebrowser</b><br>Test class: com.testclass.saucedemo.TS_overview_page_cancel_function</td>
<td></td>
<td>-1649846372</td>
<td>com.testclass.saucedemo.TS_overview_page_cancel_function@1bd4fdd</td></tr>
<tr>
<td title='com.testclass.saucedemo.TS_remove_function.closebrowser()'><b>closebrowser</b><br>Test class: com.testclass.saucedemo.TS_remove_function</td>
<td></td>
<td>-1649846372</td>
<td>com.testclass.saucedemo.TS_remove_function@55183b20</td></tr>
<tr>
<td title='com.testclass.saucedemo.TS_Login_function.loginmethod()'><b>loginmethod</b><br>Test class: com.testclass.saucedemo.TS_Login_function</td>
<td></td>
<td>-1649846371</td>
<td>com.testclass.saucedemo.TS_Login_function@3febb011</td></tr>
<tr>
<td title='com.testclass.saucedemo.TS_remove_function.logoutmethod()'><b>logoutmethod</b><br>Test class: com.testclass.saucedemo.TS_remove_function</td>
<td></td>
<td>-1649846372</td>
<td>com.testclass.saucedemo.TS_remove_function@55183b20</td></tr>
<tr>
<td title='com.testclass.saucedemo.TS_overview_page_cancel_function.loginmethod()'><b>loginmethod</b><br>Test class: com.testclass.saucedemo.TS_overview_page_cancel_function</td>
<td></td>
<td>-1649846372</td>
<td>com.testclass.saucedemo.TS_overview_page_cancel_function@1bd4fdd</td></tr>
<tr>
<td title='com.testclass.saucedemo.TS_Overview_finish_function.loginmethod()'><b>loginmethod</b><br>Test class: com.testclass.saucedemo.TS_Overview_finish_function</td>
<td></td>
<td>-1649846371</td>
<td>com.testclass.saucedemo.TS_Overview_finish_function@c8c12ac</td></tr>
<tr>
<td title='com.testclass.saucedemo.TS_addcart_function.loginmethod()'><b>loginmethod</b><br>Test class: com.testclass.saucedemo.TS_addcart_function</td>
<td></td>
<td>-1649846372</td>
<td>com.testclass.saucedemo.TS_addcart_function@2f9f7dcf</td></tr>
<tr>
<td title='com.testclass.saucedemo.TS_ordercompletepage_confirmation.closebrowser()'><b>closebrowser</b><br>Test class: com.testclass.saucedemo.TS_ordercompletepage_confirmation</td>
<td></td>
<td>-1649846372</td>
<td>com.testclass.saucedemo.TS_ordercompletepage_confirmation@35e2d654</td></tr>
<tr>
<td title='com.testclass.saucedemo.TS_Login_function.closebrowser()'><b>closebrowser</b><br>Test class: com.testclass.saucedemo.TS_Login_function</td>
<td></td>
<td>-1649846371</td>
<td>com.testclass.saucedemo.TS_Login_function@3febb011</td></tr>
<tr>
<td title='com.testclass.saucedemo.TS_remove_function.loginmethod()'><b>loginmethod</b><br>Test class: com.testclass.saucedemo.TS_remove_function</td>
<td></td>
<td>-1649846372</td>
<td>com.testclass.saucedemo.TS_remove_function@55183b20</td></tr>
<tr>
<td title='com.testclass.saucedemo.TS_addcart_function.closebrowser()'><b>closebrowser</b><br>Test class: com.testclass.saucedemo.TS_addcart_function</td>
<td></td>
<td>-1649846372</td>
<td>com.testclass.saucedemo.TS_addcart_function@2f9f7dcf</td></tr>
<tr>
<td title='com.testclass.saucedemo.TS_checkout_functionality.closebrowser()'><b>closebrowser</b><br>Test class: com.testclass.saucedemo.TS_checkout_functionality</td>
<td></td>
<td>-1649846371</td>
<td>com.testclass.saucedemo.TS_checkout_functionality@6adbc9d</td></tr>
<tr>
<td title='com.testclass.saucedemo.TS_yourinfo_continue_function.closebrowser()'><b>closebrowser</b><br>Test class: com.testclass.saucedemo.TS_yourinfo_continue_function</td>
<td></td>
<td>-1649846371</td>
<td>com.testclass.saucedemo.TS_yourinfo_continue_function@5c33f1a9</td></tr>
<tr>
<td title='com.testclass.saucedemo.TS_continue_shopping.closebrowser()'><b>closebrowser</b><br>Test class: com.testclass.saucedemo.TS_continue_shopping</td>
<td></td>
<td>-1649846372</td>
<td>com.testclass.saucedemo.TS_continue_shopping@747ddf94</td></tr>
<tr>
<td title='com.testclass.saucedemo.TS_overview_page_cancel_function.logoutmethod()'><b>logoutmethod</b><br>Test class: com.testclass.saucedemo.TS_overview_page_cancel_function</td>
<td></td>
<td>-1649846372</td>
<td>com.testclass.saucedemo.TS_overview_page_cancel_function@1bd4fdd</td></tr>
<tr>
<td title='com.testclass.saucedemo.TS_ordercompletepage_confirmation.loginmethod()'><b>loginmethod</b><br>Test class: com.testclass.saucedemo.TS_ordercompletepage_confirmation</td>
<td></td>
<td>-1649846372</td>
<td>com.testclass.saucedemo.TS_ordercompletepage_confirmation@35e2d654</td></tr>
<tr>
<td title='com.testclass.saucedemo.TS_Allproductclass.logoutmethod()'><b>logoutmethod</b><br>Test class: com.testclass.saucedemo.TS_Allproductclass</td>
<td></td>
<td>-1649846372</td>
<td>com.testclass.saucedemo.TS_Allproductclass@130d63be</td></tr>
<tr>
<td title='com.testclass.saucedemo.TS_Allproductclass.loginmethod()'><b>loginmethod</b><br>Test class: com.testclass.saucedemo.TS_Allproductclass</td>
<td></td>
<td>-1649846372</td>
<td>com.testclass.saucedemo.TS_Allproductclass@130d63be</td></tr>
<tr>
<td title='com.testclass.saucedemo.Sequence_run_of_annotations.loginmethod()'><b>loginmethod</b><br>Test class: com.testclass.saucedemo.Sequence_run_of_annotations</td>
<td></td>
<td>-1649846372</td>
<td>com.testclass.saucedemo.Sequence_run_of_annotations@293a5bf6</td></tr>
<tr>
<td title='com.testclass.saucedemo.TS_logout_function.closebrowser()'><b>closebrowser</b><br>Test class: com.testclass.saucedemo.TS_logout_function</td>
<td></td>
<td>-1649846372</td>
<td>com.testclass.saucedemo.TS_logout_function@6aeb35e6</td></tr>
<tr>
<td title='com.testclass.saucedemo.TS_Overview_finish_function.closebrowser()'><b>closebrowser</b><br>Test class: com.testclass.saucedemo.TS_Overview_finish_function</td>
<td></td>
<td>-1649846371</td>
<td>com.testclass.saucedemo.TS_Overview_finish_function@c8c12ac</td></tr>
<tr>
<td title='com.testclass.saucedemo.Sequence_run_of_annotations.logoutmethod()'><b>logoutmethod</b><br>Test class: com.testclass.saucedemo.Sequence_run_of_annotations</td>
<td></td>
<td>-1649846372</td>
<td>com.testclass.saucedemo.Sequence_run_of_annotations@293a5bf6</td></tr>
<tr>
<td title='com.testclass.saucedemo.TS_addcart_function.loginmethod()'><b>loginmethod</b><br>Test class: com.testclass.saucedemo.TS_addcart_function</td>
<td></td>
<td>-1649846372</td>
<td>com.testclass.saucedemo.TS_addcart_function@2f9f7dcf</td></tr>
<tr>
<td title='com.testclass.saucedemo.TS_order_complete_back_function.loginmethod()'><b>loginmethod</b><br>Test class: com.testclass.saucedemo.TS_order_complete_back_function</td>
<td></td>
<td>-1649846371</td>
<td>com.testclass.saucedemo.TS_order_complete_back_function@4550bb58</td></tr>
<tr>
<td title='com.testclass.saucedemo.TS_ordercompletepage_confirmation.logoutmethod()'><b>logoutmethod</b><br>Test class: com.testclass.saucedemo.TS_ordercompletepage_confirmation</td>
<td></td>
<td>-1649846372</td>
<td>com.testclass.saucedemo.TS_ordercompletepage_confirmation@35e2d654</td></tr>
<tr>
<td title='com.testclass.saucedemo.Sequence_run_of_annotations.logoutmethod()'><b>logoutmethod</b><br>Test class: com.testclass.saucedemo.Sequence_run_of_annotations</td>
<td></td>
<td>-1649846372</td>
<td>com.testclass.saucedemo.Sequence_run_of_annotations@293a5bf6</td></tr>
<tr>
<td title='com.testclass.saucedemo.TS_order_complete_back_function.closebrowser()'><b>closebrowser</b><br>Test class: com.testclass.saucedemo.TS_order_complete_back_function</td>
<td></td>
<td>-1649846371</td>
<td>com.testclass.saucedemo.TS_order_complete_back_function@4550bb58</td></tr>
<tr>
<td title='com.testclass.saucedemo.TS_continue_shopping.loginmethod()'><b>loginmethod</b><br>Test class: com.testclass.saucedemo.TS_continue_shopping</td>
<td></td>
<td>-1649846372</td>
<td>com.testclass.saucedemo.TS_continue_shopping@747ddf94</td></tr>
<tr>
<td title='com.testclass.saucedemo.Sequence_run_of_annotations.loginmethod()'><b>loginmethod</b><br>Test class: com.testclass.saucedemo.Sequence_run_of_annotations</td>
<td></td>
<td>-1649846372</td>
<td>com.testclass.saucedemo.Sequence_run_of_annotations@293a5bf6</td></tr>
<tr>
<td title='com.testclass.saucedemo.TS_yourinfo_cancel_function.loginmethod()'><b>loginmethod</b><br>Test class: com.testclass.saucedemo.TS_yourinfo_cancel_function</td>
<td></td>
<td>-1649846371</td>
<td>com.testclass.saucedemo.TS_yourinfo_cancel_function@1623b78d</td></tr>
<tr>
<td title='com.testclass.saucedemo.Sequence_run_of_annotations.logoutmethod()'><b>logoutmethod</b><br>Test class: com.testclass.saucedemo.Sequence_run_of_annotations</td>
<td></td>
<td>-1649846372</td>
<td>com.testclass.saucedemo.Sequence_run_of_annotations@293a5bf6</td></tr>
<tr>
<td title='com.testclass.saucedemo.Sequence_run_of_annotations.loginmethod()'><b>loginmethod</b><br>Test class: com.testclass.saucedemo.Sequence_run_of_annotations</td>
<td></td>
<td>-1649846372</td>
<td>com.testclass.saucedemo.Sequence_run_of_annotations@293a5bf6</td></tr>
<tr>
<td title='com.testclass.saucedemo.TS_yourinfo_continue_function.loginmethod()'><b>loginmethod</b><br>Test class: com.testclass.saucedemo.TS_yourinfo_continue_function</td>
<td></td>
<td>-1649846371</td>
<td>com.testclass.saucedemo.TS_yourinfo_continue_function@5c33f1a9</td></tr>
<tr>
<td title='com.testclass.saucedemo.TS_Overview_finish_function.logoutmethod()'><b>logoutmethod</b><br>Test class: com.testclass.saucedemo.TS_Overview_finish_function</td>
<td></td>
<td>-1649846371</td>
<td>com.testclass.saucedemo.TS_Overview_finish_function@c8c12ac</td></tr>
<tr>
<td title='com.testclass.saucedemo.TS_logout_function.logoutmethod()'><b>logoutmethod</b><br>Test class: com.testclass.saucedemo.TS_logout_function</td>
<td></td>
<td>-1649846372</td>
<td>com.testclass.saucedemo.TS_logout_function@6aeb35e6</td></tr>
<tr>
<td title='com.testclass.saucedemo.TS_yourinfo_cancel_function.logoutmethod()'><b>logoutmethod</b><br>Test class: com.testclass.saucedemo.TS_yourinfo_cancel_function</td>
<td></td>
<td>-1649846371</td>
<td>com.testclass.saucedemo.TS_yourinfo_cancel_function@1623b78d</td></tr>
<tr>
<td title='com.testclass.saucedemo.TS_Allproductclass.closebrowser()'><b>closebrowser</b><br>Test class: com.testclass.saucedemo.TS_Allproductclass</td>
<td></td>
<td>-1649846372</td>
<td>com.testclass.saucedemo.TS_Allproductclass@130d63be</td></tr>
<tr>
<td title='com.testclass.saucedemo.TS_continue_shopping.logoutmethod()'><b>logoutmethod</b><br>Test class: com.testclass.saucedemo.TS_continue_shopping</td>
<td></td>
<td>-1649846372</td>
<td>com.testclass.saucedemo.TS_continue_shopping@747ddf94</td></tr>
</table><p>
<table width='100%' border='1' class='invocation-passed'>
<tr><td colspan='4' align='center'><b>PASSED TESTS</b></td></tr>
<tr><td><b>Test method</b></td>
<td width="30%"><b>Exception</b></td>
<td width="10%"><b>Time (seconds)</b></td>
<td><b>Instance</b></td>
</tr>
<tr>
<td title='com.testclass.saucedemo.Hard_and_Soft_assertions.verifyLogin()'><b>verifyLogin</b><br>Test class: com.testclass.saucedemo.Hard_and_Soft_assertions</td>
<td></td>
<td>0</td>
<td>com.testclass.saucedemo.Hard_and_Soft_assertions@42a48628</td></tr>
<tr>
<td title='com.testclass.saucedemo.Hard_and_Soft_assertions.verifyProduct()'><b>verifyProduct</b><br>Test class: com.testclass.saucedemo.Hard_and_Soft_assertions</td>
<td></td>
<td>0</td>
<td>com.testclass.saucedemo.Hard_and_Soft_assertions@42a48628</td></tr>
<tr>
<td title='com.testclass.saucedemo.TestNG_Keywords.testB()'><b>testB</b><br>Test class: com.testclass.saucedemo.TestNG_Keywords</td>
<td></td>
<td>0</td>
<td>com.testclass.saucedemo.TestNG_Keywords@7d8995e</td></tr>
<tr>
<td title='com.testclass.saucedemo.TestNG_Keywords.testA()'><b>testA</b><br>Test class: com.testclass.saucedemo.TestNG_Keywords</td>
<td></td>
<td>0</td>
<td>com.testclass.saucedemo.TestNG_Keywords@7d8995e</td></tr>
<tr>
<td title='com.testclass.saucedemo.TestNG_Keywords.testA()'><b>testA</b><br>Test class: com.testclass.saucedemo.TestNG_Keywords</td>
<td></td>
<td>0</td>
<td>com.testclass.saucedemo.TestNG_Keywords@7d8995e</td></tr>
<tr>
<td title='com.testclass.saucedemo.TestNG_Keywords.testA()'><b>testA</b><br>Test class: com.testclass.saucedemo.TestNG_Keywords</td>
<td></td>
<td>0</td>
<td>com.testclass.saucedemo.TestNG_Keywords@7d8995e</td></tr>
<tr>
<td title='com.testclass.saucedemo.TestNG_Keywords.testE()'><b>testE</b><br>Test class: com.testclass.saucedemo.TestNG_Keywords</td>
<td></td>
<td>0</td>
<td>com.testclass.saucedemo.TestNG_Keywords@7d8995e</td></tr>
<tr>
<td title='com.testclass.saucedemo.TestNG_Keywords.testC()'><b>testC</b><br>Test class: com.testclass.saucedemo.TestNG_Keywords</td>
<td></td>
<td>0</td>
<td>com.testclass.saucedemo.TestNG_Keywords@7d8995e</td></tr>
<tr>
<td title='com.testclass.saucedemo.Hard_and_Soft_assertions.sampleTest()'><b>sampleTest</b><br>Test class: com.testclass.saucedemo.Hard_and_Soft_assertions</td>
<td></td>
<td>0</td>
<td>com.testclass.saucedemo.Hard_and_Soft_assertions@42a48628</td></tr>
</table><p>
<table width='100%' border='1' class='invocation-skipped'>
<tr><td colspan='4' align='center'><b>SKIPPED TESTS</b></td></tr>
<tr><td><b>Test method</b></td>
<td width="30%"><b>Exception</b></td>
<td width="10%"><b>Time (seconds)</b></td>
<td><b>Instance</b></td>
</tr>
<tr>
<td title='com.testclass.saucedemo.TS_order_complete_back_function.ordercomplete_backbutton()'><b>ordercomplete_backbutton</b><br>Test class: com.testclass.saucedemo.TS_order_complete_back_function</td>
<td><div><pre>org.testng.TestNGException: 
Parameter &apos;browserName&apos; is required by BeforeClass on method Url but has not been marked @Optional or defined
in C:\Users\Kevin\eclipse-workspace\Saucedemo_project\testng.xml
	at java.base/java.util.ArrayList.forEach(ArrayList.java:1511)
... Removed 22 stack frames</pre></div><a href='#' onClick='toggleBox("stack-trace594427726", this, "Click to show all stack frames", "Click to hide stack frames")'>Click to show all stack frames</a>
<div class='stack-trace' id='stack-trace594427726'><pre>org.testng.TestNGException: 
Parameter &apos;browserName&apos; is required by BeforeClass on method Url but has not been marked @Optional or defined
in C:\Users\Kevin\eclipse-workspace\Saucedemo_project\testng.xml
	at org.testng.internal.Parameters.createParams(Parameters.java:270)
	at org.testng.internal.Parameters.createParametersForMethod(Parameters.java:358)
	at org.testng.internal.Parameters.createParameters(Parameters.java:700)
	at org.testng.internal.Parameters.createConfigurationParameters(Parameters.java:168)
	at org.testng.internal.ConfigInvoker.invokeConfigurations(ConfigInvoker.java:302)
	at org.testng.internal.TestMethodWorker.invokeBeforeClassMethods(TestMethodWorker.java:176)
	at org.testng.internal.TestMethodWorker.run(TestMethodWorker.java:122)
	at java.base/java.util.ArrayList.forEach(ArrayList.java:1511)
	at org.testng.TestRunner.privateRun(TestRunner.java:794)
	at org.testng.TestRunner.run(TestRunner.java:596)
	at org.testng.SuiteRunner.runTest(SuiteRunner.java:377)
	at org.testng.SuiteRunner.runSequentially(SuiteRunner.java:371)
	at org.testng.SuiteRunner.privateRun(SuiteRunner.java:332)
	at org.testng.SuiteRunner.run(SuiteRunner.java:276)
	at org.testng.SuiteRunnerWorker.runSuite(SuiteRunnerWorker.java:53)
	at org.testng.SuiteRunnerWorker.run(SuiteRunnerWorker.java:96)
	at org.testng.TestNG.runSuitesSequentially(TestNG.java:1212)
	at org.testng.TestNG.runSuitesLocally(TestNG.java:1134)
	at org.testng.TestNG.runSuites(TestNG.java:1063)
	at org.testng.TestNG.run(TestNG.java:1031)
	at org.testng.remote.AbstractRemoteTestNG.run(AbstractRemoteTestNG.java:115)
	at org.testng.remote.RemoteTestNG.initAndRun(RemoteTestNG.java:251)
	at org.testng.remote.RemoteTestNG.main(RemoteTestNG.java:77)
</pre></div></td>
<td>0</td>
<td>com.testclass.saucedemo.TS_order_complete_back_function@4550bb58</td></tr>
<tr>
<td title='com.testclass.saucedemo.TS_ordercompletepage_confirmation.ordercomplete_scenario()'><b>ordercomplete_scenario</b><br>Test class: com.testclass.saucedemo.TS_ordercompletepage_confirmation</td>
<td><div><pre>org.testng.TestNGException: 
Parameter &apos;browserName&apos; is required by BeforeClass on method Url but has not been marked @Optional or defined
in C:\Users\Kevin\eclipse-workspace\Saucedemo_project\testng.xml
	at java.base/java.util.ArrayList.forEach(ArrayList.java:1511)
... Removed 22 stack frames</pre></div><a href='#' onClick='toggleBox("stack-trace2030036700", this, "Click to show all stack frames", "Click to hide stack frames")'>Click to show all stack frames</a>
<div class='stack-trace' id='stack-trace2030036700'><pre>org.testng.TestNGException: 
Parameter &apos;browserName&apos; is required by BeforeClass on method Url but has not been marked @Optional or defined
in C:\Users\Kevin\eclipse-workspace\Saucedemo_project\testng.xml
	at org.testng.internal.Parameters.createParams(Parameters.java:270)
	at org.testng.internal.Parameters.createParametersForMethod(Parameters.java:358)
	at org.testng.internal.Parameters.createParameters(Parameters.java:700)
	at org.testng.internal.Parameters.createConfigurationParameters(Parameters.java:168)
	at org.testng.internal.ConfigInvoker.invokeConfigurations(ConfigInvoker.java:302)
	at org.testng.internal.TestMethodWorker.invokeBeforeClassMethods(TestMethodWorker.java:176)
	at org.testng.internal.TestMethodWorker.run(TestMethodWorker.java:122)
	at java.base/java.util.ArrayList.forEach(ArrayList.java:1511)
	at org.testng.TestRunner.privateRun(TestRunner.java:794)
	at org.testng.TestRunner.run(TestRunner.java:596)
	at org.testng.SuiteRunner.runTest(SuiteRunner.java:377)
	at org.testng.SuiteRunner.runSequentially(SuiteRunner.java:371)
	at org.testng.SuiteRunner.privateRun(SuiteRunner.java:332)
	at org.testng.SuiteRunner.run(SuiteRunner.java:276)
	at org.testng.SuiteRunnerWorker.runSuite(SuiteRunnerWorker.java:53)
	at org.testng.SuiteRunnerWorker.run(SuiteRunnerWorker.java:96)
	at org.testng.TestNG.runSuitesSequentially(TestNG.java:1212)
	at org.testng.TestNG.runSuitesLocally(TestNG.java:1134)
	at org.testng.TestNG.runSuites(TestNG.java:1063)
	at org.testng.TestNG.run(TestNG.java:1031)
	at org.testng.remote.AbstractRemoteTestNG.run(AbstractRemoteTestNG.java:115)
	at org.testng.remote.RemoteTestNG.initAndRun(RemoteTestNG.java:251)
	at org.testng.remote.RemoteTestNG.main(RemoteTestNG.java:77)
</pre></div></td>
<td>0</td>
<td>com.testclass.saucedemo.TS_ordercompletepage_confirmation@35e2d654</td></tr>
<tr>
<td title='com.testclass.saucedemo.TS_checkout_functionality.checkoutfunction()'><b>checkoutfunction</b><br>Test class: com.testclass.saucedemo.TS_checkout_functionality</td>
<td><div><pre>org.testng.TestNGException: 
Parameter &apos;browserName&apos; is required by BeforeClass on method Url but has not been marked @Optional or defined
in C:\Users\Kevin\eclipse-workspace\Saucedemo_project\testng.xml
	at java.base/java.util.ArrayList.forEach(ArrayList.java:1511)
... Removed 22 stack frames</pre></div><a href='#' onClick='toggleBox("stack-trace1464555023", this, "Click to show all stack frames", "Click to hide stack frames")'>Click to show all stack frames</a>
<div class='stack-trace' id='stack-trace1464555023'><pre>org.testng.TestNGException: 
Parameter &apos;browserName&apos; is required by BeforeClass on method Url but has not been marked @Optional or defined
in C:\Users\Kevin\eclipse-workspace\Saucedemo_project\testng.xml
	at org.testng.internal.Parameters.createParams(Parameters.java:270)
	at org.testng.internal.Parameters.createParametersForMethod(Parameters.java:358)
	at org.testng.internal.Parameters.createParameters(Parameters.java:700)
	at org.testng.internal.Parameters.createConfigurationParameters(Parameters.java:168)
	at org.testng.internal.ConfigInvoker.invokeConfigurations(ConfigInvoker.java:302)
	at org.testng.internal.TestMethodWorker.invokeBeforeClassMethods(TestMethodWorker.java:176)
	at org.testng.internal.TestMethodWorker.run(TestMethodWorker.java:122)
	at java.base/java.util.ArrayList.forEach(ArrayList.java:1511)
	at org.testng.TestRunner.privateRun(TestRunner.java:794)
	at org.testng.TestRunner.run(TestRunner.java:596)
	at org.testng.SuiteRunner.runTest(SuiteRunner.java:377)
	at org.testng.SuiteRunner.runSequentially(SuiteRunner.java:371)
	at org.testng.SuiteRunner.privateRun(SuiteRunner.java:332)
	at org.testng.SuiteRunner.run(SuiteRunner.java:276)
	at org.testng.SuiteRunnerWorker.runSuite(SuiteRunnerWorker.java:53)
	at org.testng.SuiteRunnerWorker.run(SuiteRunnerWorker.java:96)
	at org.testng.TestNG.runSuitesSequentially(TestNG.java:1212)
	at org.testng.TestNG.runSuitesLocally(TestNG.java:1134)
	at org.testng.TestNG.runSuites(TestNG.java:1063)
	at org.testng.TestNG.run(TestNG.java:1031)
	at org.testng.remote.AbstractRemoteTestNG.run(AbstractRemoteTestNG.java:115)
	at org.testng.remote.RemoteTestNG.initAndRun(RemoteTestNG.java:251)
	at org.testng.remote.RemoteTestNG.main(RemoteTestNG.java:77)
</pre></div></td>
<td>0</td>
<td>com.testclass.saucedemo.TS_checkout_functionality@6adbc9d</td></tr>
<tr>
<td title='com.testclass.saucedemo.TS_Login_function.loginfunction()'><b>loginfunction</b><br>Test class: com.testclass.saucedemo.TS_Login_function</td>
<td><div><pre>org.testng.TestNGException: 
Parameter &apos;browserName&apos; is required by BeforeClass on method Url but has not been marked @Optional or defined
in C:\Users\Kevin\eclipse-workspace\Saucedemo_project\testng.xml
	at java.base/java.util.ArrayList.forEach(ArrayList.java:1511)
... Removed 22 stack frames</pre></div><a href='#' onClick='toggleBox("stack-trace555273695", this, "Click to show all stack frames", "Click to hide stack frames")'>Click to show all stack frames</a>
<div class='stack-trace' id='stack-trace555273695'><pre>org.testng.TestNGException: 
Parameter &apos;browserName&apos; is required by BeforeClass on method Url but has not been marked @Optional or defined
in C:\Users\Kevin\eclipse-workspace\Saucedemo_project\testng.xml
	at org.testng.internal.Parameters.createParams(Parameters.java:270)
	at org.testng.internal.Parameters.createParametersForMethod(Parameters.java:358)
	at org.testng.internal.Parameters.createParameters(Parameters.java:700)
	at org.testng.internal.Parameters.createConfigurationParameters(Parameters.java:168)
	at org.testng.internal.ConfigInvoker.invokeConfigurations(ConfigInvoker.java:302)
	at org.testng.internal.TestMethodWorker.invokeBeforeClassMethods(TestMethodWorker.java:176)
	at org.testng.internal.TestMethodWorker.run(TestMethodWorker.java:122)
	at java.base/java.util.ArrayList.forEach(ArrayList.java:1511)
	at org.testng.TestRunner.privateRun(TestRunner.java:794)
	at org.testng.TestRunner.run(TestRunner.java:596)
	at org.testng.SuiteRunner.runTest(SuiteRunner.java:377)
	at org.testng.SuiteRunner.runSequentially(SuiteRunner.java:371)
	at org.testng.SuiteRunner.privateRun(SuiteRunner.java:332)
	at org.testng.SuiteRunner.run(SuiteRunner.java:276)
	at org.testng.SuiteRunnerWorker.runSuite(SuiteRunnerWorker.java:53)
	at org.testng.SuiteRunnerWorker.run(SuiteRunnerWorker.java:96)
	at org.testng.TestNG.runSuitesSequentially(TestNG.java:1212)
	at org.testng.TestNG.runSuitesLocally(TestNG.java:1134)
	at org.testng.TestNG.runSuites(TestNG.java:1063)
	at org.testng.TestNG.run(TestNG.java:1031)
	at org.testng.remote.AbstractRemoteTestNG.run(AbstractRemoteTestNG.java:115)
	at org.testng.remote.RemoteTestNG.initAndRun(RemoteTestNG.java:251)
	at org.testng.remote.RemoteTestNG.main(RemoteTestNG.java:77)
</pre></div></td>
<td>0</td>
<td>com.testclass.saucedemo.TS_Login_function@3febb011</td></tr>
<tr>
<td title='com.testclass.saucedemo.TS_continue_shopping.continue_shopping()'><b>continue_shopping</b><br>Test class: com.testclass.saucedemo.TS_continue_shopping</td>
<td><div><pre>org.testng.TestNGException: 
Parameter &apos;browserName&apos; is required by BeforeClass on method Url but has not been marked @Optional or defined
in C:\Users\Kevin\eclipse-workspace\Saucedemo_project\testng.xml
	at java.base/java.util.ArrayList.forEach(ArrayList.java:1511)
... Removed 22 stack frames</pre></div><a href='#' onClick='toggleBox("stack-trace1103243338", this, "Click to show all stack frames", "Click to hide stack frames")'>Click to show all stack frames</a>
<div class='stack-trace' id='stack-trace1103243338'><pre>org.testng.TestNGException: 
Parameter &apos;browserName&apos; is required by BeforeClass on method Url but has not been marked @Optional or defined
in C:\Users\Kevin\eclipse-workspace\Saucedemo_project\testng.xml
	at org.testng.internal.Parameters.createParams(Parameters.java:270)
	at org.testng.internal.Parameters.createParametersForMethod(Parameters.java:358)
	at org.testng.internal.Parameters.createParameters(Parameters.java:700)
	at org.testng.internal.Parameters.createConfigurationParameters(Parameters.java:168)
	at org.testng.internal.ConfigInvoker.invokeConfigurations(ConfigInvoker.java:302)
	at org.testng.internal.TestMethodWorker.invokeBeforeClassMethods(TestMethodWorker.java:176)
	at org.testng.internal.TestMethodWorker.run(TestMethodWorker.java:122)
	at java.base/java.util.ArrayList.forEach(ArrayList.java:1511)
	at org.testng.TestRunner.privateRun(TestRunner.java:794)
	at org.testng.TestRunner.run(TestRunner.java:596)
	at org.testng.SuiteRunner.runTest(SuiteRunner.java:377)
	at org.testng.SuiteRunner.runSequentially(SuiteRunner.java:371)
	at org.testng.SuiteRunner.privateRun(SuiteRunner.java:332)
	at org.testng.SuiteRunner.run(SuiteRunner.java:276)
	at org.testng.SuiteRunnerWorker.runSuite(SuiteRunnerWorker.java:53)
	at org.testng.SuiteRunnerWorker.run(SuiteRunnerWorker.java:96)
	at org.testng.TestNG.runSuitesSequentially(TestNG.java:1212)
	at org.testng.TestNG.runSuitesLocally(TestNG.java:1134)
	at org.testng.TestNG.runSuites(TestNG.java:1063)
	at org.testng.TestNG.run(TestNG.java:1031)
	at org.testng.remote.AbstractRemoteTestNG.run(AbstractRemoteTestNG.java:115)
	at org.testng.remote.RemoteTestNG.initAndRun(RemoteTestNG.java:251)
	at org.testng.remote.RemoteTestNG.main(RemoteTestNG.java:77)
</pre></div></td>
<td>0</td>
<td>com.testclass.saucedemo.TS_continue_shopping@747ddf94</td></tr>
<tr>
<td title='com.testclass.saucedemo.TS_logout_function.logout()'><b>logout</b><br>Test class: com.testclass.saucedemo.TS_logout_function</td>
<td><div><pre>org.testng.TestNGException: 
Parameter &apos;browserName&apos; is required by BeforeClass on method Url but has not been marked @Optional or defined
in C:\Users\Kevin\eclipse-workspace\Saucedemo_project\testng.xml
	at java.base/java.util.ArrayList.forEach(ArrayList.java:1511)
... Removed 22 stack frames</pre></div><a href='#' onClick='toggleBox("stack-trace509891820", this, "Click to show all stack frames", "Click to hide stack frames")'>Click to show all stack frames</a>
<div class='stack-trace' id='stack-trace509891820'><pre>org.testng.TestNGException: 
Parameter &apos;browserName&apos; is required by BeforeClass on method Url but has not been marked @Optional or defined
in C:\Users\Kevin\eclipse-workspace\Saucedemo_project\testng.xml
	at org.testng.internal.Parameters.createParams(Parameters.java:270)
	at org.testng.internal.Parameters.createParametersForMethod(Parameters.java:358)
	at org.testng.internal.Parameters.createParameters(Parameters.java:700)
	at org.testng.internal.Parameters.createConfigurationParameters(Parameters.java:168)
	at org.testng.internal.ConfigInvoker.invokeConfigurations(ConfigInvoker.java:302)
	at org.testng.internal.TestMethodWorker.invokeBeforeClassMethods(TestMethodWorker.java:176)
	at org.testng.internal.TestMethodWorker.run(TestMethodWorker.java:122)
	at java.base/java.util.ArrayList.forEach(ArrayList.java:1511)
	at org.testng.TestRunner.privateRun(TestRunner.java:794)
	at org.testng.TestRunner.run(TestRunner.java:596)
	at org.testng.SuiteRunner.runTest(SuiteRunner.java:377)
	at org.testng.SuiteRunner.runSequentially(SuiteRunner.java:371)
	at org.testng.SuiteRunner.privateRun(SuiteRunner.java:332)
	at org.testng.SuiteRunner.run(SuiteRunner.java:276)
	at org.testng.SuiteRunnerWorker.runSuite(SuiteRunnerWorker.java:53)
	at org.testng.SuiteRunnerWorker.run(SuiteRunnerWorker.java:96)
	at org.testng.TestNG.runSuitesSequentially(TestNG.java:1212)
	at org.testng.TestNG.runSuitesLocally(TestNG.java:1134)
	at org.testng.TestNG.runSuites(TestNG.java:1063)
	at org.testng.TestNG.run(TestNG.java:1031)
	at org.testng.remote.AbstractRemoteTestNG.run(AbstractRemoteTestNG.java:115)
	at org.testng.remote.RemoteTestNG.initAndRun(RemoteTestNG.java:251)
	at org.testng.remote.RemoteTestNG.main(RemoteTestNG.java:77)
</pre></div></td>
<td>0</td>
<td>com.testclass.saucedemo.TS_logout_function@6aeb35e6</td></tr>
<tr>
<td title='com.testclass.saucedemo.TS_yourinfo_cancel_function.cancelbutton_functionality()'><b>cancelbutton_functionality</b><br>Test class: com.testclass.saucedemo.TS_yourinfo_cancel_function</td>
<td><div><pre>org.testng.TestNGException: 
Parameter &apos;browserName&apos; is required by BeforeClass on method Url but has not been marked @Optional or defined
in C:\Users\Kevin\eclipse-workspace\Saucedemo_project\testng.xml
	at java.base/java.util.ArrayList.forEach(ArrayList.java:1511)
... Removed 22 stack frames</pre></div><a href='#' onClick='toggleBox("stack-trace794075965", this, "Click to show all stack frames", "Click to hide stack frames")'>Click to show all stack frames</a>
<div class='stack-trace' id='stack-trace794075965'><pre>org.testng.TestNGException: 
Parameter &apos;browserName&apos; is required by BeforeClass on method Url but has not been marked @Optional or defined
in C:\Users\Kevin\eclipse-workspace\Saucedemo_project\testng.xml
	at org.testng.internal.Parameters.createParams(Parameters.java:270)
	at org.testng.internal.Parameters.createParametersForMethod(Parameters.java:358)
	at org.testng.internal.Parameters.createParameters(Parameters.java:700)
	at org.testng.internal.Parameters.createConfigurationParameters(Parameters.java:168)
	at org.testng.internal.ConfigInvoker.invokeConfigurations(ConfigInvoker.java:302)
	at org.testng.internal.TestMethodWorker.invokeBeforeClassMethods(TestMethodWorker.java:176)
	at org.testng.internal.TestMethodWorker.run(TestMethodWorker.java:122)
	at java.base/java.util.ArrayList.forEach(ArrayList.java:1511)
	at org.testng.TestRunner.privateRun(TestRunner.java:794)
	at org.testng.TestRunner.run(TestRunner.java:596)
	at org.testng.SuiteRunner.runTest(SuiteRunner.java:377)
	at org.testng.SuiteRunner.runSequentially(SuiteRunner.java:371)
	at org.testng.SuiteRunner.privateRun(SuiteRunner.java:332)
	at org.testng.SuiteRunner.run(SuiteRunner.java:276)
	at org.testng.SuiteRunnerWorker.runSuite(SuiteRunnerWorker.java:53)
	at org.testng.SuiteRunnerWorker.run(SuiteRunnerWorker.java:96)
	at org.testng.TestNG.runSuitesSequentially(TestNG.java:1212)
	at org.testng.TestNG.runSuitesLocally(TestNG.java:1134)
	at org.testng.TestNG.runSuites(TestNG.java:1063)
	at org.testng.TestNG.run(TestNG.java:1031)
	at org.testng.remote.AbstractRemoteTestNG.run(AbstractRemoteTestNG.java:115)
	at org.testng.remote.RemoteTestNG.initAndRun(RemoteTestNG.java:251)
	at org.testng.remote.RemoteTestNG.main(RemoteTestNG.java:77)
</pre></div></td>
<td>0</td>
<td>com.testclass.saucedemo.TS_yourinfo_cancel_function@1623b78d</td></tr>
<tr>
<td title='com.testclass.saucedemo.Sequence_run_of_annotations.test1()'><b>test1</b><br>Test class: com.testclass.saucedemo.Sequence_run_of_annotations</td>
<td><div><pre>org.testng.TestNGException: 
Parameter &apos;browserName&apos; is required by BeforeClass on method Url but has not been marked @Optional or defined
in C:\Users\Kevin\eclipse-workspace\Saucedemo_project\testng.xml
	at java.base/java.util.ArrayList.forEach(ArrayList.java:1511)
... Removed 22 stack frames</pre></div><a href='#' onClick='toggleBox("stack-trace797814020", this, "Click to show all stack frames", "Click to hide stack frames")'>Click to show all stack frames</a>
<div class='stack-trace' id='stack-trace797814020'><pre>org.testng.TestNGException: 
Parameter &apos;browserName&apos; is required by BeforeClass on method Url but has not been marked @Optional or defined
in C:\Users\Kevin\eclipse-workspace\Saucedemo_project\testng.xml
	at org.testng.internal.Parameters.createParams(Parameters.java:270)
	at org.testng.internal.Parameters.createParametersForMethod(Parameters.java:358)
	at org.testng.internal.Parameters.createParameters(Parameters.java:700)
	at org.testng.internal.Parameters.createConfigurationParameters(Parameters.java:168)
	at org.testng.internal.ConfigInvoker.invokeConfigurations(ConfigInvoker.java:302)
	at org.testng.internal.TestMethodWorker.invokeBeforeClassMethods(TestMethodWorker.java:176)
	at org.testng.internal.TestMethodWorker.run(TestMethodWorker.java:122)
	at java.base/java.util.ArrayList.forEach(ArrayList.java:1511)
	at org.testng.TestRunner.privateRun(TestRunner.java:794)
	at org.testng.TestRunner.run(TestRunner.java:596)
	at org.testng.SuiteRunner.runTest(SuiteRunner.java:377)
	at org.testng.SuiteRunner.runSequentially(SuiteRunner.java:371)
	at org.testng.SuiteRunner.privateRun(SuiteRunner.java:332)
	at org.testng.SuiteRunner.run(SuiteRunner.java:276)
	at org.testng.SuiteRunnerWorker.runSuite(SuiteRunnerWorker.java:53)
	at org.testng.SuiteRunnerWorker.run(SuiteRunnerWorker.java:96)
	at org.testng.TestNG.runSuitesSequentially(TestNG.java:1212)
	at org.testng.TestNG.runSuitesLocally(TestNG.java:1134)
	at org.testng.TestNG.runSuites(TestNG.java:1063)
	at org.testng.TestNG.run(TestNG.java:1031)
	at org.testng.remote.AbstractRemoteTestNG.run(AbstractRemoteTestNG.java:115)
	at org.testng.remote.RemoteTestNG.initAndRun(RemoteTestNG.java:251)
	at org.testng.remote.RemoteTestNG.main(RemoteTestNG.java:77)
</pre></div></td>
<td>0</td>
<td>com.testclass.saucedemo.Sequence_run_of_annotations@293a5bf6</td></tr>
<tr>
<td title='com.testclass.saucedemo.Sequence_run_of_annotations.test3()'><b>test3</b><br>Test class: com.testclass.saucedemo.Sequence_run_of_annotations</td>
<td><div><pre>org.testng.TestNGException: 
Parameter &apos;browserName&apos; is required by BeforeClass on method Url but has not been marked @Optional or defined
in C:\Users\Kevin\eclipse-workspace\Saucedemo_project\testng.xml
	at java.base/java.util.ArrayList.forEach(ArrayList.java:1511)
... Removed 22 stack frames</pre></div><a href='#' onClick='toggleBox("stack-trace171802996", this, "Click to show all stack frames", "Click to hide stack frames")'>Click to show all stack frames</a>
<div class='stack-trace' id='stack-trace171802996'><pre>org.testng.TestNGException: 
Parameter &apos;browserName&apos; is required by BeforeClass on method Url but has not been marked @Optional or defined
in C:\Users\Kevin\eclipse-workspace\Saucedemo_project\testng.xml
	at org.testng.internal.Parameters.createParams(Parameters.java:270)
	at org.testng.internal.Parameters.createParametersForMethod(Parameters.java:358)
	at org.testng.internal.Parameters.createParameters(Parameters.java:700)
	at org.testng.internal.Parameters.createConfigurationParameters(Parameters.java:168)
	at org.testng.internal.ConfigInvoker.invokeConfigurations(ConfigInvoker.java:302)
	at org.testng.internal.TestMethodWorker.invokeBeforeClassMethods(TestMethodWorker.java:176)
	at org.testng.internal.TestMethodWorker.run(TestMethodWorker.java:122)
	at java.base/java.util.ArrayList.forEach(ArrayList.java:1511)
	at org.testng.TestRunner.privateRun(TestRunner.java:794)
	at org.testng.TestRunner.run(TestRunner.java:596)
	at org.testng.SuiteRunner.runTest(SuiteRunner.java:377)
	at org.testng.SuiteRunner.runSequentially(SuiteRunner.java:371)
	at org.testng.SuiteRunner.privateRun(SuiteRunner.java:332)
	at org.testng.SuiteRunner.run(SuiteRunner.java:276)
	at org.testng.SuiteRunnerWorker.runSuite(SuiteRunnerWorker.java:53)
	at org.testng.SuiteRunnerWorker.run(SuiteRunnerWorker.java:96)
	at org.testng.TestNG.runSuitesSequentially(TestNG.java:1212)
	at org.testng.TestNG.runSuitesLocally(TestNG.java:1134)
	at org.testng.TestNG.runSuites(TestNG.java:1063)
	at org.testng.TestNG.run(TestNG.java:1031)
	at org.testng.remote.AbstractRemoteTestNG.run(AbstractRemoteTestNG.java:115)
	at org.testng.remote.RemoteTestNG.initAndRun(RemoteTestNG.java:251)
	at org.testng.remote.RemoteTestNG.main(RemoteTestNG.java:77)
</pre></div></td>
<td>0</td>
<td>com.testclass.saucedemo.Sequence_run_of_annotations@293a5bf6</td></tr>
<tr>
<td title='com.testclass.saucedemo.TS_addcart_function.clickiconfunction()'><b>clickiconfunction</b><br>Test class: com.testclass.saucedemo.TS_addcart_function</td>
<td><div><pre>org.testng.TestNGException: 
Parameter &apos;browserName&apos; is required by BeforeClass on method Url but has not been marked @Optional or defined
in C:\Users\Kevin\eclipse-workspace\Saucedemo_project\testng.xml
	at java.base/java.util.ArrayList.forEach(ArrayList.java:1511)
... Removed 22 stack frames</pre></div><a href='#' onClick='toggleBox("stack-trace1016363973", this, "Click to show all stack frames", "Click to hide stack frames")'>Click to show all stack frames</a>
<div class='stack-trace' id='stack-trace1016363973'><pre>org.testng.TestNGException: 
Parameter &apos;browserName&apos; is required by BeforeClass on method Url but has not been marked @Optional or defined
in C:\Users\Kevin\eclipse-workspace\Saucedemo_project\testng.xml
	at org.testng.internal.Parameters.createParams(Parameters.java:270)
	at org.testng.internal.Parameters.createParametersForMethod(Parameters.java:358)
	at org.testng.internal.Parameters.createParameters(Parameters.java:700)
	at org.testng.internal.Parameters.createConfigurationParameters(Parameters.java:168)
	at org.testng.internal.ConfigInvoker.invokeConfigurations(ConfigInvoker.java:302)
	at org.testng.internal.TestMethodWorker.invokeBeforeClassMethods(TestMethodWorker.java:176)
	at org.testng.internal.TestMethodWorker.run(TestMethodWorker.java:122)
	at java.base/java.util.ArrayList.forEach(ArrayList.java:1511)
	at org.testng.TestRunner.privateRun(TestRunner.java:794)
	at org.testng.TestRunner.run(TestRunner.java:596)
	at org.testng.SuiteRunner.runTest(SuiteRunner.java:377)
	at org.testng.SuiteRunner.runSequentially(SuiteRunner.java:371)
	at org.testng.SuiteRunner.privateRun(SuiteRunner.java:332)
	at org.testng.SuiteRunner.run(SuiteRunner.java:276)
	at org.testng.SuiteRunnerWorker.runSuite(SuiteRunnerWorker.java:53)
	at org.testng.SuiteRunnerWorker.run(SuiteRunnerWorker.java:96)
	at org.testng.TestNG.runSuitesSequentially(TestNG.java:1212)
	at org.testng.TestNG.runSuitesLocally(TestNG.java:1134)
	at org.testng.TestNG.runSuites(TestNG.java:1063)
	at org.testng.TestNG.run(TestNG.java:1031)
	at org.testng.remote.AbstractRemoteTestNG.run(AbstractRemoteTestNG.java:115)
	at org.testng.remote.RemoteTestNG.initAndRun(RemoteTestNG.java:251)
	at org.testng.remote.RemoteTestNG.main(RemoteTestNG.java:77)
</pre></div></td>
<td>0</td>
<td>com.testclass.saucedemo.TS_addcart_function@2f9f7dcf</td></tr>
<tr>
<td title='com.testclass.saucedemo.TS_Overview_finish_function.finish_scenario()'><b>finish_scenario</b><br>Test class: com.testclass.saucedemo.TS_Overview_finish_function</td>
<td><div><pre>org.testng.TestNGException: 
Parameter &apos;browserName&apos; is required by BeforeClass on method Url but has not been marked @Optional or defined
in C:\Users\Kevin\eclipse-workspace\Saucedemo_project\testng.xml
	at java.base/java.util.ArrayList.forEach(ArrayList.java:1511)
... Removed 22 stack frames</pre></div><a href='#' onClick='toggleBox("stack-trace1522132780", this, "Click to show all stack frames", "Click to hide stack frames")'>Click to show all stack frames</a>
<div class='stack-trace' id='stack-trace1522132780'><pre>org.testng.TestNGException: 
Parameter &apos;browserName&apos; is required by BeforeClass on method Url but has not been marked @Optional or defined
in C:\Users\Kevin\eclipse-workspace\Saucedemo_project\testng.xml
	at org.testng.internal.Parameters.createParams(Parameters.java:270)
	at org.testng.internal.Parameters.createParametersForMethod(Parameters.java:358)
	at org.testng.internal.Parameters.createParameters(Parameters.java:700)
	at org.testng.internal.Parameters.createConfigurationParameters(Parameters.java:168)
	at org.testng.internal.ConfigInvoker.invokeConfigurations(ConfigInvoker.java:302)
	at org.testng.internal.TestMethodWorker.invokeBeforeClassMethods(TestMethodWorker.java:176)
	at org.testng.internal.TestMethodWorker.run(TestMethodWorker.java:122)
	at java.base/java.util.ArrayList.forEach(ArrayList.java:1511)
	at org.testng.TestRunner.privateRun(TestRunner.java:794)
	at org.testng.TestRunner.run(TestRunner.java:596)
	at org.testng.SuiteRunner.runTest(SuiteRunner.java:377)
	at org.testng.SuiteRunner.runSequentially(SuiteRunner.java:371)
	at org.testng.SuiteRunner.privateRun(SuiteRunner.java:332)
	at org.testng.SuiteRunner.run(SuiteRunner.java:276)
	at org.testng.SuiteRunnerWorker.runSuite(SuiteRunnerWorker.java:53)
	at org.testng.SuiteRunnerWorker.run(SuiteRunnerWorker.java:96)
	at org.testng.TestNG.runSuitesSequentially(TestNG.java:1212)
	at org.testng.TestNG.runSuitesLocally(TestNG.java:1134)
	at org.testng.TestNG.runSuites(TestNG.java:1063)
	at org.testng.TestNG.run(TestNG.java:1031)
	at org.testng.remote.AbstractRemoteTestNG.run(AbstractRemoteTestNG.java:115)
	at org.testng.remote.RemoteTestNG.initAndRun(RemoteTestNG.java:251)
	at org.testng.remote.RemoteTestNG.main(RemoteTestNG.java:77)
</pre></div></td>
<td>0</td>
<td>com.testclass.saucedemo.TS_Overview_finish_function@c8c12ac</td></tr>
<tr>
<td title='com.testclass.saucedemo.Sequence_run_of_annotations.test4()'><b>test4</b><br>Test class: com.testclass.saucedemo.Sequence_run_of_annotations</td>
<td><div><pre>org.testng.TestNGException: 
Parameter &apos;browserName&apos; is required by BeforeClass on method Url but has not been marked @Optional or defined
in C:\Users\Kevin\eclipse-workspace\Saucedemo_project\testng.xml
	at java.base/java.util.ArrayList.forEach(ArrayList.java:1511)
... Removed 22 stack frames</pre></div><a href='#' onClick='toggleBox("stack-trace657381435", this, "Click to show all stack frames", "Click to hide stack frames")'>Click to show all stack frames</a>
<div class='stack-trace' id='stack-trace657381435'><pre>org.testng.TestNGException: 
Parameter &apos;browserName&apos; is required by BeforeClass on method Url but has not been marked @Optional or defined
in C:\Users\Kevin\eclipse-workspace\Saucedemo_project\testng.xml
	at org.testng.internal.Parameters.createParams(Parameters.java:270)
	at org.testng.internal.Parameters.createParametersForMethod(Parameters.java:358)
	at org.testng.internal.Parameters.createParameters(Parameters.java:700)
	at org.testng.internal.Parameters.createConfigurationParameters(Parameters.java:168)
	at org.testng.internal.ConfigInvoker.invokeConfigurations(ConfigInvoker.java:302)
	at org.testng.internal.TestMethodWorker.invokeBeforeClassMethods(TestMethodWorker.java:176)
	at org.testng.internal.TestMethodWorker.run(TestMethodWorker.java:122)
	at java.base/java.util.ArrayList.forEach(ArrayList.java:1511)
	at org.testng.TestRunner.privateRun(TestRunner.java:794)
	at org.testng.TestRunner.run(TestRunner.java:596)
	at org.testng.SuiteRunner.runTest(SuiteRunner.java:377)
	at org.testng.SuiteRunner.runSequentially(SuiteRunner.java:371)
	at org.testng.SuiteRunner.privateRun(SuiteRunner.java:332)
	at org.testng.SuiteRunner.run(SuiteRunner.java:276)
	at org.testng.SuiteRunnerWorker.runSuite(SuiteRunnerWorker.java:53)
	at org.testng.SuiteRunnerWorker.run(SuiteRunnerWorker.java:96)
	at org.testng.TestNG.runSuitesSequentially(TestNG.java:1212)
	at org.testng.TestNG.runSuitesLocally(TestNG.java:1134)
	at org.testng.TestNG.runSuites(TestNG.java:1063)
	at org.testng.TestNG.run(TestNG.java:1031)
	at org.testng.remote.AbstractRemoteTestNG.run(AbstractRemoteTestNG.java:115)
	at org.testng.remote.RemoteTestNG.initAndRun(RemoteTestNG.java:251)
	at org.testng.remote.RemoteTestNG.main(RemoteTestNG.java:77)
</pre></div></td>
<td>0</td>
<td>com.testclass.saucedemo.Sequence_run_of_annotations@293a5bf6</td></tr>
<tr>
<td title='com.testclass.saucedemo.TS_yourinfo_continue_function.continuefunctionality()'><b>continuefunctionality</b><br>Test class: com.testclass.saucedemo.TS_yourinfo_continue_function</td>
<td><div><pre>org.testng.TestNGException: 
Parameter &apos;browserName&apos; is required by BeforeClass on method Url but has not been marked @Optional or defined
in C:\Users\Kevin\eclipse-workspace\Saucedemo_project\testng.xml
	at java.base/java.util.ArrayList.forEach(ArrayList.java:1511)
... Removed 22 stack frames</pre></div><a href='#' onClick='toggleBox("stack-trace1148254374", this, "Click to show all stack frames", "Click to hide stack frames")'>Click to show all stack frames</a>
<div class='stack-trace' id='stack-trace1148254374'><pre>org.testng.TestNGException: 
Parameter &apos;browserName&apos; is required by BeforeClass on method Url but has not been marked @Optional or defined
in C:\Users\Kevin\eclipse-workspace\Saucedemo_project\testng.xml
	at org.testng.internal.Parameters.createParams(Parameters.java:270)
	at org.testng.internal.Parameters.createParametersForMethod(Parameters.java:358)
	at org.testng.internal.Parameters.createParameters(Parameters.java:700)
	at org.testng.internal.Parameters.createConfigurationParameters(Parameters.java:168)
	at org.testng.internal.ConfigInvoker.invokeConfigurations(ConfigInvoker.java:302)
	at org.testng.internal.TestMethodWorker.invokeBeforeClassMethods(TestMethodWorker.java:176)
	at org.testng.internal.TestMethodWorker.run(TestMethodWorker.java:122)
	at java.base/java.util.ArrayList.forEach(ArrayList.java:1511)
	at org.testng.TestRunner.privateRun(TestRunner.java:794)
	at org.testng.TestRunner.run(TestRunner.java:596)
	at org.testng.SuiteRunner.runTest(SuiteRunner.java:377)
	at org.testng.SuiteRunner.runSequentially(SuiteRunner.java:371)
	at org.testng.SuiteRunner.privateRun(SuiteRunner.java:332)
	at org.testng.SuiteRunner.run(SuiteRunner.java:276)
	at org.testng.SuiteRunnerWorker.runSuite(SuiteRunnerWorker.java:53)
	at org.testng.SuiteRunnerWorker.run(SuiteRunnerWorker.java:96)
	at org.testng.TestNG.runSuitesSequentially(TestNG.java:1212)
	at org.testng.TestNG.runSuitesLocally(TestNG.java:1134)
	at org.testng.TestNG.runSuites(TestNG.java:1063)
	at org.testng.TestNG.run(TestNG.java:1031)
	at org.testng.remote.AbstractRemoteTestNG.run(AbstractRemoteTestNG.java:115)
	at org.testng.remote.RemoteTestNG.initAndRun(RemoteTestNG.java:251)
	at org.testng.remote.RemoteTestNG.main(RemoteTestNG.java:77)
</pre></div></td>
<td>0</td>
<td>com.testclass.saucedemo.TS_yourinfo_continue_function@5c33f1a9</td></tr>
<tr>
<td title='com.testclass.saucedemo.TS_overview_page_cancel_function.cancel_functionality()'><b>cancel_functionality</b><br>Test class: com.testclass.saucedemo.TS_overview_page_cancel_function</td>
<td><div><pre>org.testng.TestNGException: 
Parameter &apos;browserName&apos; is required by BeforeClass on method Url but has not been marked @Optional or defined
in C:\Users\Kevin\eclipse-workspace\Saucedemo_project\testng.xml
	at java.base/java.util.ArrayList.forEach(ArrayList.java:1511)
... Removed 22 stack frames</pre></div><a href='#' onClick='toggleBox("stack-trace752684363", this, "Click to show all stack frames", "Click to hide stack frames")'>Click to show all stack frames</a>
<div class='stack-trace' id='stack-trace752684363'><pre>org.testng.TestNGException: 
Parameter &apos;browserName&apos; is required by BeforeClass on method Url but has not been marked @Optional or defined
in C:\Users\Kevin\eclipse-workspace\Saucedemo_project\testng.xml
	at org.testng.internal.Parameters.createParams(Parameters.java:270)
	at org.testng.internal.Parameters.createParametersForMethod(Parameters.java:358)
	at org.testng.internal.Parameters.createParameters(Parameters.java:700)
	at org.testng.internal.Parameters.createConfigurationParameters(Parameters.java:168)
	at org.testng.internal.ConfigInvoker.invokeConfigurations(ConfigInvoker.java:302)
	at org.testng.internal.TestMethodWorker.invokeBeforeClassMethods(TestMethodWorker.java:176)
	at org.testng.internal.TestMethodWorker.run(TestMethodWorker.java:122)
	at java.base/java.util.ArrayList.forEach(ArrayList.java:1511)
	at org.testng.TestRunner.privateRun(TestRunner.java:794)
	at org.testng.TestRunner.run(TestRunner.java:596)
	at org.testng.SuiteRunner.runTest(SuiteRunner.java:377)
	at org.testng.SuiteRunner.runSequentially(SuiteRunner.java:371)
	at org.testng.SuiteRunner.privateRun(SuiteRunner.java:332)
	at org.testng.SuiteRunner.run(SuiteRunner.java:276)
	at org.testng.SuiteRunnerWorker.runSuite(SuiteRunnerWorker.java:53)
	at org.testng.SuiteRunnerWorker.run(SuiteRunnerWorker.java:96)
	at org.testng.TestNG.runSuitesSequentially(TestNG.java:1212)
	at org.testng.TestNG.runSuitesLocally(TestNG.java:1134)
	at org.testng.TestNG.runSuites(TestNG.java:1063)
	at org.testng.TestNG.run(TestNG.java:1031)
	at org.testng.remote.AbstractRemoteTestNG.run(AbstractRemoteTestNG.java:115)
	at org.testng.remote.RemoteTestNG.initAndRun(RemoteTestNG.java:251)
	at org.testng.remote.RemoteTestNG.main(RemoteTestNG.java:77)
</pre></div></td>
<td>0</td>
<td>com.testclass.saucedemo.TS_overview_page_cancel_function@1bd4fdd</td></tr>
<tr>
<td title='com.testclass.saucedemo.TS_Allproductclass.allproductfunction()'><b>allproductfunction</b><br>Test class: com.testclass.saucedemo.TS_Allproductclass</td>
<td><div><pre>org.testng.TestNGException: 
Parameter &apos;browserName&apos; is required by BeforeClass on method Url but has not been marked @Optional or defined
in C:\Users\Kevin\eclipse-workspace\Saucedemo_project\testng.xml
	at java.base/java.util.ArrayList.forEach(ArrayList.java:1511)
... Removed 22 stack frames</pre></div><a href='#' onClick='toggleBox("stack-trace1954471782", this, "Click to show all stack frames", "Click to hide stack frames")'>Click to show all stack frames</a>
<div class='stack-trace' id='stack-trace1954471782'><pre>org.testng.TestNGException: 
Parameter &apos;browserName&apos; is required by BeforeClass on method Url but has not been marked @Optional or defined
in C:\Users\Kevin\eclipse-workspace\Saucedemo_project\testng.xml
	at org.testng.internal.Parameters.createParams(Parameters.java:270)
	at org.testng.internal.Parameters.createParametersForMethod(Parameters.java:358)
	at org.testng.internal.Parameters.createParameters(Parameters.java:700)
	at org.testng.internal.Parameters.createConfigurationParameters(Parameters.java:168)
	at org.testng.internal.ConfigInvoker.invokeConfigurations(ConfigInvoker.java:302)
	at org.testng.internal.TestMethodWorker.invokeBeforeClassMethods(TestMethodWorker.java:176)
	at org.testng.internal.TestMethodWorker.run(TestMethodWorker.java:122)
	at java.base/java.util.ArrayList.forEach(ArrayList.java:1511)
	at org.testng.TestRunner.privateRun(TestRunner.java:794)
	at org.testng.TestRunner.run(TestRunner.java:596)
	at org.testng.SuiteRunner.runTest(SuiteRunner.java:377)
	at org.testng.SuiteRunner.runSequentially(SuiteRunner.java:371)
	at org.testng.SuiteRunner.privateRun(SuiteRunner.java:332)
	at org.testng.SuiteRunner.run(SuiteRunner.java:276)
	at org.testng.SuiteRunnerWorker.runSuite(SuiteRunnerWorker.java:53)
	at org.testng.SuiteRunnerWorker.run(SuiteRunnerWorker.java:96)
	at org.testng.TestNG.runSuitesSequentially(TestNG.java:1212)
	at org.testng.TestNG.runSuitesLocally(TestNG.java:1134)
	at org.testng.TestNG.runSuites(TestNG.java:1063)
	at org.testng.TestNG.run(TestNG.java:1031)
	at org.testng.remote.AbstractRemoteTestNG.run(AbstractRemoteTestNG.java:115)
	at org.testng.remote.RemoteTestNG.initAndRun(RemoteTestNG.java:251)
	at org.testng.remote.RemoteTestNG.main(RemoteTestNG.java:77)
</pre></div></td>
<td>0</td>
<td>com.testclass.saucedemo.TS_Allproductclass@130d63be</td></tr>
<tr>
<td title='com.testclass.saucedemo.Sequence_run_of_annotations.test2()'><b>test2</b><br>Test class: com.testclass.saucedemo.Sequence_run_of_annotations</td>
<td><div><pre>org.testng.TestNGException: 
Parameter &apos;browserName&apos; is required by BeforeClass on method Url but has not been marked @Optional or defined
in C:\Users\Kevin\eclipse-workspace\Saucedemo_project\testng.xml
	at java.base/java.util.ArrayList.forEach(ArrayList.java:1511)
... Removed 22 stack frames</pre></div><a href='#' onClick='toggleBox("stack-trace199449817", this, "Click to show all stack frames", "Click to hide stack frames")'>Click to show all stack frames</a>
<div class='stack-trace' id='stack-trace199449817'><pre>org.testng.TestNGException: 
Parameter &apos;browserName&apos; is required by BeforeClass on method Url but has not been marked @Optional or defined
in C:\Users\Kevin\eclipse-workspace\Saucedemo_project\testng.xml
	at org.testng.internal.Parameters.createParams(Parameters.java:270)
	at org.testng.internal.Parameters.createParametersForMethod(Parameters.java:358)
	at org.testng.internal.Parameters.createParameters(Parameters.java:700)
	at org.testng.internal.Parameters.createConfigurationParameters(Parameters.java:168)
	at org.testng.internal.ConfigInvoker.invokeConfigurations(ConfigInvoker.java:302)
	at org.testng.internal.TestMethodWorker.invokeBeforeClassMethods(TestMethodWorker.java:176)
	at org.testng.internal.TestMethodWorker.run(TestMethodWorker.java:122)
	at java.base/java.util.ArrayList.forEach(ArrayList.java:1511)
	at org.testng.TestRunner.privateRun(TestRunner.java:794)
	at org.testng.TestRunner.run(TestRunner.java:596)
	at org.testng.SuiteRunner.runTest(SuiteRunner.java:377)
	at org.testng.SuiteRunner.runSequentially(SuiteRunner.java:371)
	at org.testng.SuiteRunner.privateRun(SuiteRunner.java:332)
	at org.testng.SuiteRunner.run(SuiteRunner.java:276)
	at org.testng.SuiteRunnerWorker.runSuite(SuiteRunnerWorker.java:53)
	at org.testng.SuiteRunnerWorker.run(SuiteRunnerWorker.java:96)
	at org.testng.TestNG.runSuitesSequentially(TestNG.java:1212)
	at org.testng.TestNG.runSuitesLocally(TestNG.java:1134)
	at org.testng.TestNG.runSuites(TestNG.java:1063)
	at org.testng.TestNG.run(TestNG.java:1031)
	at org.testng.remote.AbstractRemoteTestNG.run(AbstractRemoteTestNG.java:115)
	at org.testng.remote.RemoteTestNG.initAndRun(RemoteTestNG.java:251)
	at org.testng.remote.RemoteTestNG.main(RemoteTestNG.java:77)
</pre></div></td>
<td>0</td>
<td>com.testclass.saucedemo.Sequence_run_of_annotations@293a5bf6</td></tr>
<tr>
<td title='com.testclass.saucedemo.TS_addcart_function.addcartfunctionality()'><b>addcartfunctionality</b><br>Test class: com.testclass.saucedemo.TS_addcart_function</td>
<td><div><pre>org.testng.TestNGException: 
Parameter &apos;browserName&apos; is required by BeforeClass on method Url but has not been marked @Optional or defined
in C:\Users\Kevin\eclipse-workspace\Saucedemo_project\testng.xml
	at java.base/java.util.ArrayList.forEach(ArrayList.java:1511)
... Removed 22 stack frames</pre></div><a href='#' onClick='toggleBox("stack-trace142247393", this, "Click to show all stack frames", "Click to hide stack frames")'>Click to show all stack frames</a>
<div class='stack-trace' id='stack-trace142247393'><pre>org.testng.TestNGException: 
Parameter &apos;browserName&apos; is required by BeforeClass on method Url but has not been marked @Optional or defined
in C:\Users\Kevin\eclipse-workspace\Saucedemo_project\testng.xml
	at org.testng.internal.Parameters.createParams(Parameters.java:270)
	at org.testng.internal.Parameters.createParametersForMethod(Parameters.java:358)
	at org.testng.internal.Parameters.createParameters(Parameters.java:700)
	at org.testng.internal.Parameters.createConfigurationParameters(Parameters.java:168)
	at org.testng.internal.ConfigInvoker.invokeConfigurations(ConfigInvoker.java:302)
	at org.testng.internal.TestMethodWorker.invokeBeforeClassMethods(TestMethodWorker.java:176)
	at org.testng.internal.TestMethodWorker.run(TestMethodWorker.java:122)
	at java.base/java.util.ArrayList.forEach(ArrayList.java:1511)
	at org.testng.TestRunner.privateRun(TestRunner.java:794)
	at org.testng.TestRunner.run(TestRunner.java:596)
	at org.testng.SuiteRunner.runTest(SuiteRunner.java:377)
	at org.testng.SuiteRunner.runSequentially(SuiteRunner.java:371)
	at org.testng.SuiteRunner.privateRun(SuiteRunner.java:332)
	at org.testng.SuiteRunner.run(SuiteRunner.java:276)
	at org.testng.SuiteRunnerWorker.runSuite(SuiteRunnerWorker.java:53)
	at org.testng.SuiteRunnerWorker.run(SuiteRunnerWorker.java:96)
	at org.testng.TestNG.runSuitesSequentially(TestNG.java:1212)
	at org.testng.TestNG.runSuitesLocally(TestNG.java:1134)
	at org.testng.TestNG.runSuites(TestNG.java:1063)
	at org.testng.TestNG.run(TestNG.java:1031)
	at org.testng.remote.AbstractRemoteTestNG.run(AbstractRemoteTestNG.java:115)
	at org.testng.remote.RemoteTestNG.initAndRun(RemoteTestNG.java:251)
	at org.testng.remote.RemoteTestNG.main(RemoteTestNG.java:77)
</pre></div></td>
<td>0</td>
<td>com.testclass.saucedemo.TS_addcart_function@2f9f7dcf</td></tr>
<tr>
<td title='com.testclass.saucedemo.TS_remove_function.remove_functionality()'><b>remove_functionality</b><br>Test class: com.testclass.saucedemo.TS_remove_function</td>
<td><div><pre>org.testng.TestNGException: 
Parameter &apos;browserName&apos; is required by BeforeClass on method Url but has not been marked @Optional or defined
in C:\Users\Kevin\eclipse-workspace\Saucedemo_project\testng.xml
	at java.base/java.util.ArrayList.forEach(ArrayList.java:1511)
... Removed 22 stack frames</pre></div><a href='#' onClick='toggleBox("stack-trace1151844284", this, "Click to show all stack frames", "Click to hide stack frames")'>Click to show all stack frames</a>
<div class='stack-trace' id='stack-trace1151844284'><pre>org.testng.TestNGException: 
Parameter &apos;browserName&apos; is required by BeforeClass on method Url but has not been marked @Optional or defined
in C:\Users\Kevin\eclipse-workspace\Saucedemo_project\testng.xml
	at org.testng.internal.Parameters.createParams(Parameters.java:270)
	at org.testng.internal.Parameters.createParametersForMethod(Parameters.java:358)
	at org.testng.internal.Parameters.createParameters(Parameters.java:700)
	at org.testng.internal.Parameters.createConfigurationParameters(Parameters.java:168)
	at org.testng.internal.ConfigInvoker.invokeConfigurations(ConfigInvoker.java:302)
	at org.testng.internal.TestMethodWorker.invokeBeforeClassMethods(TestMethodWorker.java:176)
	at org.testng.internal.TestMethodWorker.run(TestMethodWorker.java:122)
	at java.base/java.util.ArrayList.forEach(ArrayList.java:1511)
	at org.testng.TestRunner.privateRun(TestRunner.java:794)
	at org.testng.TestRunner.run(TestRunner.java:596)
	at org.testng.SuiteRunner.runTest(SuiteRunner.java:377)
	at org.testng.SuiteRunner.runSequentially(SuiteRunner.java:371)
	at org.testng.SuiteRunner.privateRun(SuiteRunner.java:332)
	at org.testng.SuiteRunner.run(SuiteRunner.java:276)
	at org.testng.SuiteRunnerWorker.runSuite(SuiteRunnerWorker.java:53)
	at org.testng.SuiteRunnerWorker.run(SuiteRunnerWorker.java:96)
	at org.testng.TestNG.runSuitesSequentially(TestNG.java:1212)
	at org.testng.TestNG.runSuitesLocally(TestNG.java:1134)
	at org.testng.TestNG.runSuites(TestNG.java:1063)
	at org.testng.TestNG.run(TestNG.java:1031)
	at org.testng.remote.AbstractRemoteTestNG.run(AbstractRemoteTestNG.java:115)
	at org.testng.remote.RemoteTestNG.initAndRun(RemoteTestNG.java:251)
	at org.testng.remote.RemoteTestNG.main(RemoteTestNG.java:77)
</pre></div></td>
<td>0</td>
<td>com.testclass.saucedemo.TS_remove_function@55183b20</td></tr>
</table><p>
</body>
</html>