<?xml version="1.0" encoding="UTF-8"?>
<!-- Generated by org.testng.reporters.JUnitXMLReporter -->
<testsuite ignored="1" hostname="DESKTOP-PH7A22V" failures="0" tests="27" name="Test" time="0.645" errors="0" timestamp="2022-04-13T16:09:32 IST">
  <testcase classname="com.testclass.saucedemo.BasetestClass" name="@BeforeClass Url" time="-1.649846371698E9">
    <failure type="org.testng.TestNGException" message="
Parameter &amp;apos;browserName&amp;apos; is required by BeforeClass on method Url but has not been marked @Optional or defined
in C:\Users\Kevin\eclipse-workspace\Saucedemo_project\testng.xml">
      <![CDATA[org.testng.TestNGException: 
Parameter 'browserName' is required by BeforeClass on method Url but has not been marked @Optional or defined
in C:\Users\Kevin\eclipse-workspace\Saucedemo_project\testng.xml
at java.base/java.util.ArrayList.forEach(ArrayList.java:1511)
... Removed 22 stack frames]]>
    </failure>
  </testcase> <!-- @BeforeClass Url -->
  <testcase classname="com.testclass.saucedemo.BasetestClass" name="@BeforeMethod loginmethod" time="-1.649846371773E9">
    <skipped/>
  </testcase> <!-- @BeforeMethod loginmethod -->
  <testcase classname="com.testclass.saucedemo.BasetestClass" name="@AfterMethod logoutmethod" time="-1.649846371792E9">
    <skipped/>
  </testcase> <!-- @AfterMethod logoutmethod -->
  <testcase classname="com.testclass.saucedemo.BasetestClass" name="@AfterClass closebrowser" time="-1.649846371816E9">
    <skipped/>
  </testcase> <!-- @AfterClass closebrowser -->
  <testcase classname="com.testclass.saucedemo.BasetestClass" name="@BeforeClass Url" time="-1.649846371824E9">
    <failure type="org.testng.TestNGException" message="
Parameter &amp;apos;browserName&amp;apos; is required by BeforeClass on method Url but has not been marked @Optional or defined
in C:\Users\Kevin\eclipse-workspace\Saucedemo_project\testng.xml">
      <![CDATA[org.testng.TestNGException: 
Parameter 'browserName' is required by BeforeClass on method Url but has not been marked @Optional or defined
in C:\Users\Kevin\eclipse-workspace\Saucedemo_project\testng.xml
at java.base/java.util.ArrayList.forEach(ArrayList.java:1511)
... Removed 22 stack frames]]>
    </failure>
  </testcase> <!-- @BeforeClass Url -->
  <testcase classname="com.testclass.saucedemo.BasetestClass" name="@BeforeMethod loginmethod" time="-1.649846371832E9">
    <skipped/>
  </testcase> <!-- @BeforeMethod loginmethod -->
  <testcase classname="com.testclass.saucedemo.BasetestClass" name="@AfterMethod logoutmethod" time="-1.649846371845E9">
    <skipped/>
  </testcase> <!-- @AfterMethod logoutmethod -->
  <testcase classname="com.testclass.saucedemo.BasetestClass" name="@AfterClass closebrowser" time="-1.649846371849E9">
    <skipped/>
  </testcase> <!-- @AfterClass closebrowser -->
  <testcase classname="com.testclass.saucedemo.BasetestClass" name="@BeforeClass Url" time="-1.649846371858E9">
    <failure type="org.testng.TestNGException" message="
Parameter &amp;apos;browserName&amp;apos; is required by BeforeClass on method Url but has not been marked @Optional or defined
in C:\Users\Kevin\eclipse-workspace\Saucedemo_project\testng.xml">
      <![CDATA[org.testng.TestNGException: 
Parameter 'browserName' is required by BeforeClass on method Url but has not been marked @Optional or defined
in C:\Users\Kevin\eclipse-workspace\Saucedemo_project\testng.xml
at java.base/java.util.ArrayList.forEach(ArrayList.java:1511)
... Removed 22 stack frames]]>
    </failure>
  </testcase> <!-- @BeforeClass Url -->
  <testcase classname="com.testclass.saucedemo.BasetestClass" name="@BeforeMethod loginmethod" time="-1.64984637187E9">
    <skipped/>
  </testcase> <!-- @BeforeMethod loginmethod -->
  <testcase classname="com.testclass.saucedemo.BasetestClass" name="@AfterMethod logoutmethod" time="-1.649846371892E9">
    <skipped/>
  </testcase> <!-- @AfterMethod logoutmethod -->
  <testcase classname="com.testclass.saucedemo.BasetestClass" name="@AfterClass closebrowser" time="-1.6498463719E9">
    <skipped/>
  </testcase> <!-- @AfterClass closebrowser -->
  <testcase classname="com.testclass.saucedemo.BasetestClass" name="@BeforeClass Url" time="-1.649846371914E9">
    <failure type="org.testng.TestNGException" message="
Parameter &amp;apos;browserName&amp;apos; is required by BeforeClass on method Url but has not been marked @Optional or defined
in C:\Users\Kevin\eclipse-workspace\Saucedemo_project\testng.xml">
      <![CDATA[org.testng.TestNGException: 
Parameter 'browserName' is required by BeforeClass on method Url but has not been marked @Optional or defined
in C:\Users\Kevin\eclipse-workspace\Saucedemo_project\testng.xml
at java.base/java.util.ArrayList.forEach(ArrayList.java:1511)
... Removed 22 stack frames]]>
    </failure>
  </testcase> <!-- @BeforeClass Url -->
  <testcase classname="com.testclass.saucedemo.BasetestClass" name="@BeforeMethod loginmethod" time="-1.64984637192E9">
    <skipped/>
  </testcase> <!-- @BeforeMethod loginmethod -->
  <testcase classname="com.testclass.saucedemo.BasetestClass" name="@AfterMethod logoutmethod" time="-1.649846371932E9">
    <skipped/>
  </testcase> <!-- @AfterMethod logoutmethod -->
  <testcase classname="com.testclass.saucedemo.BasetestClass" name="@AfterClass closebrowser" time="-1.649846371934E9">
    <skipped/>
  </testcase> <!-- @AfterClass closebrowser -->
  <testcase classname="com.testclass.saucedemo.BasetestClass" name="@BeforeClass Url" time="-1.649846371937E9">
    <failure type="org.testng.TestNGException" message="
Parameter &amp;apos;browserName&amp;apos; is required by BeforeClass on method Url but has not been marked @Optional or defined
in C:\Users\Kevin\eclipse-workspace\Saucedemo_project\testng.xml">
      <![CDATA[org.testng.TestNGException: 
Parameter 'browserName' is required by BeforeClass on method Url but has not been marked @Optional or defined
in C:\Users\Kevin\eclipse-workspace\Saucedemo_project\testng.xml
at java.base/java.util.ArrayList.forEach(ArrayList.java:1511)
... Removed 22 stack frames]]>
    </failure>
  </testcase> <!-- @BeforeClass Url -->
  <testcase classname="com.testclass.saucedemo.BasetestClass" name="@BeforeMethod loginmethod" time="-1.649846371942E9">
    <skipped/>
  </testcase> <!-- @BeforeMethod loginmethod -->
  <testcase classname="com.testclass.saucedemo.BasetestClass" name="@AfterMethod logoutmethod" time="-1.649846371953E9">
    <skipped/>
  </testcase> <!-- @AfterMethod logoutmethod -->
  <testcase classname="com.testclass.saucedemo.BasetestClass" name="@AfterClass closebrowser" time="-1.649846371955E9">
    <skipped/>
  </testcase> <!-- @AfterClass closebrowser -->
  <testcase classname="com.testclass.saucedemo.BasetestClass" name="@BeforeClass Url" time="-1.649846371957E9">
    <failure type="org.testng.TestNGException" message="
Parameter &amp;apos;browserName&amp;apos; is required by BeforeClass on method Url but has not been marked @Optional or defined
in C:\Users\Kevin\eclipse-workspace\Saucedemo_project\testng.xml">
      <![CDATA[org.testng.TestNGException: 
Parameter 'browserName' is required by BeforeClass on method Url but has not been marked @Optional or defined
in C:\Users\Kevin\eclipse-workspace\Saucedemo_project\testng.xml
at java.base/java.util.ArrayList.forEach(ArrayList.java:1511)
... Removed 22 stack frames]]>
    </failure>
  </testcase> <!-- @BeforeClass Url -->
  <testcase classname="com.testclass.saucedemo.BasetestClass" name="@BeforeMethod loginmethod" time="-1.64984637196E9">
    <skipped/>
  </testcase> <!-- @BeforeMethod loginmethod -->
  <testcase classname="com.testclass.saucedemo.BasetestClass" name="@AfterMethod logoutmethod" time="-1.649846371972E9">
    <skipped/>
  </testcase> <!-- @AfterMethod logoutmethod -->
  <testcase classname="com.testclass.saucedemo.BasetestClass" name="@AfterClass closebrowser" time="-1.649846371975E9">
    <skipped/>
  </testcase> <!-- @AfterClass closebrowser -->
  <testcase classname="com.testclass.saucedemo.BasetestClass" name="@BeforeClass Url" time="-1.649846371977E9">
    <failure type="org.testng.TestNGException" message="
Parameter &amp;apos;browserName&amp;apos; is required by BeforeClass on method Url but has not been marked @Optional or defined
in C:\Users\Kevin\eclipse-workspace\Saucedemo_project\testng.xml">
      <![CDATA[org.testng.TestNGException: 
Parameter 'browserName' is required by BeforeClass on method Url but has not been marked @Optional or defined
in C:\Users\Kevin\eclipse-workspace\Saucedemo_project\testng.xml
at java.base/java.util.ArrayList.forEach(ArrayList.java:1511)
... Removed 22 stack frames]]>
    </failure>
  </testcase> <!-- @BeforeClass Url -->
  <testcase classname="com.testclass.saucedemo.BasetestClass" name="@BeforeMethod loginmethod" time="-1.649846372003E9">
    <skipped/>
  </testcase> <!-- @BeforeMethod loginmethod -->
  <testcase classname="com.testclass.saucedemo.BasetestClass" name="@AfterMethod logoutmethod" time="-1.649846372026E9">
    <skipped/>
  </testcase> <!-- @AfterMethod logoutmethod -->
  <testcase classname="com.testclass.saucedemo.BasetestClass" name="@BeforeMethod loginmethod" time="-1.649846372033E9">
    <skipped/>
  </testcase> <!-- @BeforeMethod loginmethod -->
  <testcase classname="com.testclass.saucedemo.BasetestClass" name="@AfterMethod logoutmethod" time="-1.649846372052E9">
    <skipped/>
  </testcase> <!-- @AfterMethod logoutmethod -->
  <testcase classname="com.testclass.saucedemo.BasetestClass" name="@AfterClass closebrowser" time="-1.649846372053E9">
    <skipped/>
  </testcase> <!-- @AfterClass closebrowser -->
  <testcase classname="com.testclass.saucedemo.BasetestClass" name="@BeforeClass Url" time="-1.649846372059E9">
    <failure type="org.testng.TestNGException" message="
Parameter &amp;apos;browserName&amp;apos; is required by BeforeClass on method Url but has not been marked @Optional or defined
in C:\Users\Kevin\eclipse-workspace\Saucedemo_project\testng.xml">
      <![CDATA[org.testng.TestNGException: 
Parameter 'browserName' is required by BeforeClass on method Url but has not been marked @Optional or defined
in C:\Users\Kevin\eclipse-workspace\Saucedemo_project\testng.xml
at java.base/java.util.ArrayList.forEach(ArrayList.java:1511)
... Removed 22 stack frames]]>
    </failure>
  </testcase> <!-- @BeforeClass Url -->
  <testcase classname="com.testclass.saucedemo.BasetestClass" name="@BeforeMethod loginmethod" time="-1.649846372066E9">
    <skipped/>
  </testcase> <!-- @BeforeMethod loginmethod -->
  <testcase classname="com.testclass.saucedemo.BasetestClass" name="@AfterMethod logoutmethod" time="-1.649846372078E9">
    <skipped/>
  </testcase> <!-- @AfterMethod logoutmethod -->
  <testcase classname="com.testclass.saucedemo.BasetestClass" name="@AfterClass closebrowser" time="-1.649846372082E9">
    <skipped/>
  </testcase> <!-- @AfterClass closebrowser -->
  <testcase classname="com.testclass.saucedemo.BasetestClass" name="@BeforeClass Url" time="-1.649846372084E9">
    <failure type="org.testng.TestNGException" message="
Parameter &amp;apos;browserName&amp;apos; is required by BeforeClass on method Url but has not been marked @Optional or defined
in C:\Users\Kevin\eclipse-workspace\Saucedemo_project\testng.xml">
      <![CDATA[org.testng.TestNGException: 
Parameter 'browserName' is required by BeforeClass on method Url but has not been marked @Optional or defined
in C:\Users\Kevin\eclipse-workspace\Saucedemo_project\testng.xml
at java.base/java.util.ArrayList.forEach(ArrayList.java:1511)
... Removed 22 stack frames]]>
    </failure>
  </testcase> <!-- @BeforeClass Url -->
  <testcase classname="com.testclass.saucedemo.BasetestClass" name="@BeforeMethod loginmethod" time="-1.649846372087E9">
    <skipped/>
  </testcase> <!-- @BeforeMethod loginmethod -->
  <testcase classname="com.testclass.saucedemo.BasetestClass" name="@AfterMethod logoutmethod" time="-1.649846372092E9">
    <skipped/>
  </testcase> <!-- @AfterMethod logoutmethod -->
  <testcase classname="com.testclass.saucedemo.BasetestClass" name="@AfterClass closebrowser" time="-1.649846372095E9">
    <skipped/>
  </testcase> <!-- @AfterClass closebrowser -->
  <testcase classname="com.testclass.saucedemo.BasetestClass" name="@BeforeClass Url" time="-1.649846372097E9">
    <failure type="org.testng.TestNGException" message="
Parameter &amp;apos;browserName&amp;apos; is required by BeforeClass on method Url but has not been marked @Optional or defined
in C:\Users\Kevin\eclipse-workspace\Saucedemo_project\testng.xml">
      <![CDATA[org.testng.TestNGException: 
Parameter 'browserName' is required by BeforeClass on method Url but has not been marked @Optional or defined
in C:\Users\Kevin\eclipse-workspace\Saucedemo_project\testng.xml
at java.base/java.util.ArrayList.forEach(ArrayList.java:1511)
... Removed 22 stack frames]]>
    </failure>
  </testcase> <!-- @BeforeClass Url -->
  <testcase classname="com.testclass.saucedemo.BasetestClass" name="@BeforeMethod loginmethod" time="-1.6498463721E9">
    <skipped/>
  </testcase> <!-- @BeforeMethod loginmethod -->
  <testcase classname="com.testclass.saucedemo.BasetestClass" name="@AfterMethod logoutmethod" time="-1.649846372105E9">
    <skipped/>
  </testcase> <!-- @AfterMethod logoutmethod -->
  <testcase classname="com.testclass.saucedemo.BasetestClass" name="@AfterClass closebrowser" time="-1.649846372107E9">
    <skipped/>
  </testcase> <!-- @AfterClass closebrowser -->
  <testcase classname="com.testclass.saucedemo.BasetestClass" name="@BeforeClass Url" time="-1.649846372113E9">
    <failure type="org.testng.TestNGException" message="
Parameter &amp;apos;browserName&amp;apos; is required by BeforeClass on method Url but has not been marked @Optional or defined
in C:\Users\Kevin\eclipse-workspace\Saucedemo_project\testng.xml">
      <![CDATA[org.testng.TestNGException: 
Parameter 'browserName' is required by BeforeClass on method Url but has not been marked @Optional or defined
in C:\Users\Kevin\eclipse-workspace\Saucedemo_project\testng.xml
at java.base/java.util.ArrayList.forEach(ArrayList.java:1511)
... Removed 22 stack frames]]>
    </failure>
  </testcase> <!-- @BeforeClass Url -->
  <testcase classname="com.testclass.saucedemo.BasetestClass" name="@BeforeMethod loginmethod" time="-1.649846372117E9">
    <skipped/>
  </testcase> <!-- @BeforeMethod loginmethod -->
  <testcase classname="com.testclass.saucedemo.BasetestClass" name="@AfterMethod logoutmethod" time="-1.649846372123E9">
    <skipped/>
  </testcase> <!-- @AfterMethod logoutmethod -->
  <testcase classname="com.testclass.saucedemo.BasetestClass" name="@AfterClass closebrowser" time="-1.649846372125E9">
    <skipped/>
  </testcase> <!-- @AfterClass closebrowser -->
  <testcase classname="com.testclass.saucedemo.BasetestClass" name="@BeforeClass Url" time="-1.649846372202E9">
    <failure type="org.testng.TestNGException" message="
Parameter &amp;apos;browserName&amp;apos; is required by BeforeClass on method Url but has not been marked @Optional or defined
in C:\Users\Kevin\eclipse-workspace\Saucedemo_project\testng.xml">
      <![CDATA[org.testng.TestNGException: 
Parameter 'browserName' is required by BeforeClass on method Url but has not been marked @Optional or defined
in C:\Users\Kevin\eclipse-workspace\Saucedemo_project\testng.xml
at java.base/java.util.ArrayList.forEach(ArrayList.java:1511)
... Removed 22 stack frames]]>
    </failure>
  </testcase> <!-- @BeforeClass Url -->
  <testcase classname="com.testclass.saucedemo.BasetestClass" name="@BeforeMethod loginmethod" time="-1.649846372206E9">
    <skipped/>
  </testcase> <!-- @BeforeMethod loginmethod -->
  <testcase classname="com.testclass.saucedemo.BasetestClass" name="@AfterMethod logoutmethod" time="-1.649846372217E9">
    <skipped/>
  </testcase> <!-- @AfterMethod logoutmethod -->
  <testcase classname="com.testclass.saucedemo.BasetestClass" name="@AfterClass closebrowser" time="-1.649846372232E9">
    <skipped/>
  </testcase> <!-- @AfterClass closebrowser -->
  <testcase classname="com.testclass.saucedemo.BasetestClass" name="@BeforeClass Url" time="-1.649846372252E9">
    <failure type="org.testng.TestNGException" message="
Parameter &amp;apos;browserName&amp;apos; is required by BeforeClass on method Url but has not been marked @Optional or defined
in C:\Users\Kevin\eclipse-workspace\Saucedemo_project\testng.xml">
      <![CDATA[org.testng.TestNGException: 
Parameter 'browserName' is required by BeforeClass on method Url but has not been marked @Optional or defined
in C:\Users\Kevin\eclipse-workspace\Saucedemo_project\testng.xml
at java.base/java.util.ArrayList.forEach(ArrayList.java:1511)
... Removed 22 stack frames]]>
    </failure>
  </testcase> <!-- @BeforeClass Url -->
  <testcase classname="com.testclass.saucedemo.BasetestClass" name="@BeforeMethod loginmethod" time="-1.649846372254E9">
    <skipped/>
  </testcase> <!-- @BeforeMethod loginmethod -->
  <testcase classname="com.testclass.saucedemo.BasetestClass" name="@AfterMethod logoutmethod" time="-1.649846372257E9">
    <skipped/>
  </testcase> <!-- @AfterMethod logoutmethod -->
  <testcase classname="com.testclass.saucedemo.BasetestClass" name="@BeforeMethod loginmethod" time="-1.649846372264E9">
    <skipped/>
  </testcase> <!-- @BeforeMethod loginmethod -->
  <testcase classname="com.testclass.saucedemo.BasetestClass" name="@AfterMethod logoutmethod" time="-1.649846372271E9">
    <skipped/>
  </testcase> <!-- @AfterMethod logoutmethod -->
  <testcase classname="com.testclass.saucedemo.BasetestClass" name="@BeforeMethod loginmethod" time="-1.649846372278E9">
    <skipped/>
  </testcase> <!-- @BeforeMethod loginmethod -->
  <testcase classname="com.testclass.saucedemo.BasetestClass" name="@AfterMethod logoutmethod" time="-1.649846372282E9">
    <skipped/>
  </testcase> <!-- @AfterMethod logoutmethod -->
  <testcase classname="com.testclass.saucedemo.BasetestClass" name="@BeforeMethod loginmethod" time="-1.649846372283E9">
    <skipped/>
  </testcase> <!-- @BeforeMethod loginmethod -->
  <testcase classname="com.testclass.saucedemo.BasetestClass" name="@AfterMethod logoutmethod" time="-1.649846372286E9">
    <skipped/>
  </testcase> <!-- @AfterMethod logoutmethod -->
  <testcase classname="com.testclass.saucedemo.BasetestClass" name="@AfterClass closebrowser" time="-1.649846372286E9">
    <skipped/>
  </testcase> <!-- @AfterClass closebrowser -->
  <testcase classname="com.testclass.saucedemo.BasetestClass" name="@BeforeClass Url" time="-1.649846372287E9">
    <failure type="org.testng.TestNGException" message="
Parameter &amp;apos;browserName&amp;apos; is required by BeforeClass on method Url but has not been marked @Optional or defined
in C:\Users\Kevin\eclipse-workspace\Saucedemo_project\testng.xml">
      <![CDATA[org.testng.TestNGException: 
Parameter 'browserName' is required by BeforeClass on method Url but has not been marked @Optional or defined
in C:\Users\Kevin\eclipse-workspace\Saucedemo_project\testng.xml
at java.base/java.util.ArrayList.forEach(ArrayList.java:1511)
... Removed 22 stack frames]]>
    </failure>
  </testcase> <!-- @BeforeClass Url -->
  <testcase classname="com.testclass.saucedemo.BasetestClass" name="@BeforeMethod loginmethod" time="-1.649846372289E9">
    <skipped/>
  </testcase> <!-- @BeforeMethod loginmethod -->
  <testcase classname="com.testclass.saucedemo.BasetestClass" name="@AfterMethod logoutmethod" time="-1.649846372291E9">
    <skipped/>
  </testcase> <!-- @AfterMethod logoutmethod -->
  <testcase classname="com.testclass.saucedemo.BasetestClass" name="@AfterClass closebrowser" time="-1.649846372291E9">
    <skipped/>
  </testcase> <!-- @AfterClass closebrowser -->
  <testcase classname="com.testclass.saucedemo.TS_Login_function" name="loginfunction" time="0.0">
    <skipped/>
  </testcase> <!-- loginfunction -->
  <testcase classname="com.testclass.saucedemo.TS_yourinfo_continue_function" name="continuefunctionality" time="0.0">
    <skipped/>
  </testcase> <!-- continuefunctionality -->
  <testcase classname="com.testclass.saucedemo.TS_yourinfo_cancel_function" name="cancelbutton_functionality" time="0.0">
    <skipped/>
  </testcase> <!-- cancelbutton_functionality -->
  <testcase classname="com.testclass.saucedemo.TS_Overview_finish_function" name="finish_scenario" time="0.0">
    <skipped/>
  </testcase> <!-- finish_scenario -->
  <testcase classname="com.testclass.saucedemo.TS_checkout_functionality" name="checkoutfunction" time="0.0">
    <skipped/>
  </testcase> <!-- checkoutfunction -->
  <testcase classname="com.testclass.saucedemo.TS_order_complete_back_function" name="ordercomplete_backbutton" time="0.0">
    <skipped/>
  </testcase> <!-- ordercomplete_backbutton -->
  <testcase classname="com.testclass.saucedemo.TS_addcart_function" name="addcartfunctionality" time="0.0">
    <skipped/>
  </testcase> <!-- addcartfunctionality -->
  <testcase classname="com.testclass.saucedemo.TS_addcart_function" name="clickiconfunction" time="0.0">
    <skipped/>
  </testcase> <!-- clickiconfunction -->
  <testcase classname="com.testclass.saucedemo.TS_continue_shopping" name="continue_shopping" time="0.0">
    <skipped/>
  </testcase> <!-- continue_shopping -->
  <testcase classname="com.testclass.saucedemo.TS_ordercompletepage_confirmation" name="ordercomplete_scenario" time="0.0">
    <skipped/>
  </testcase> <!-- ordercomplete_scenario -->
  <testcase classname="com.testclass.saucedemo.TS_overview_page_cancel_function" name="cancel_functionality" time="0.0">
    <skipped/>
  </testcase> <!-- cancel_functionality -->
  <testcase classname="com.testclass.saucedemo.TS_remove_function" name="remove_functionality" time="0.0">
    <skipped/>
  </testcase> <!-- remove_functionality -->
  <testcase classname="com.testclass.saucedemo.TestNG_Keywords" name="testA" time="0.018"/>
  <testcase classname="com.testclass.saucedemo.TestNG_Keywords" name="testA" time="0.004"/>
  <testcase classname="com.testclass.saucedemo.TestNG_Keywords" name="testA" time="0.004"/>
  <testcase classname="com.testclass.saucedemo.TestNG_Keywords" name="testB" time="0.014"/>
  <testcase classname="com.testclass.saucedemo.TestNG_Keywords" name="testC" time="0.001"/>
  <testcase classname="com.testclass.saucedemo.TestNG_Keywords" name="testE" time="0.003"/>
  <testcase classname="com.testclass.saucedemo.TS_Allproductclass" name="allproductfunction" time="0.0">
    <skipped/>
  </testcase> <!-- allproductfunction -->
  <testcase classname="com.testclass.saucedemo.Hard_and_Soft_assertions" name="sampleTest" time="0.006"/>
  <testcase classname="com.testclass.saucedemo.Hard_and_Soft_assertions" name="verifyLogin" time="0.004"/>
  <testcase classname="com.testclass.saucedemo.Hard_and_Soft_assertions" name="verifyProduct" time="0.003"/>
  <testcase classname="com.testclass.saucedemo.Sequence_run_of_annotations" name="test1" time="0.0">
    <skipped/>
  </testcase> <!-- test1 -->
  <testcase classname="com.testclass.saucedemo.Sequence_run_of_annotations" name="test2" time="0.0">
    <skipped/>
  </testcase> <!-- test2 -->
  <testcase classname="com.testclass.saucedemo.Sequence_run_of_annotations" name="test3" time="0.0">
    <skipped/>
  </testcase> <!-- test3 -->
  <testcase classname="com.testclass.saucedemo.Sequence_run_of_annotations" name="test4" time="0.0">
    <skipped/>
  </testcase> <!-- test4 -->
  <testcase classname="com.testclass.saucedemo.TS_logout_function" name="logout" time="0.001">
    <skipped/>
  </testcase> <!-- logout -->
  <testcase classname="com.testclass.saucedemo.TestNG_Keywords" name="testD" time="0.0">
    <ignored/>
  </testcase> <!-- testD -->
</testsuite> <!-- Test -->
