<?xml version="1.0" encoding="UTF-8"?>
<!-- Generated by org.testng.reporters.JUnitXMLReporter -->
<testsuite ignored="0" hostname="DESKTOP-PH7A22V" failures="0" tests="1" name="Default test(failed)(failed)(failed)" time="0.123" errors="0" timestamp="2022-04-13T17:22:48 IST">
  <testcase classname="com.testclass.saucedemo.BasetestClass" name="@BeforeClass Url" time="-1.649850767952E9">
    <failure type="org.testng.TestNGException" message="
Parameter &amp;apos;browserName&amp;apos; is required by BeforeClass on method Url but has not been marked @Optional or defined
in C:\Users\Kevin\eclipse-workspace\Saucedemo_project\test-output\testng-failed.xml">
      <![CDATA[org.testng.TestNGException: 
Parameter 'browserName' is required by BeforeClass on method Url but has not been marked @Optional or defined
in C:\Users\Kevin\eclipse-workspace\Saucedemo_project\test-output\testng-failed.xml
at java.base/java.util.ArrayList.forEach(ArrayList.java:1511)
... Removed 22 stack frames]]>
    </failure>
  </testcase> <!-- @BeforeClass Url -->
  <testcase classname="com.testclass.saucedemo.BasetestClass" name="@BeforeMethod loginmethod" time="-1.649850768007E9">
    <skipped/>
  </testcase> <!-- @BeforeMethod loginmethod -->
  <testcase classname="com.testclass.saucedemo.BasetestClass" name="@AfterMethod logoutmethod" time="-1.649850768028E9">
    <skipped/>
  </testcase> <!-- @AfterMethod logoutmethod -->
  <testcase classname="com.testclass.saucedemo.BasetestClass" name="@AfterClass closebrowser" time="-1.649850768032E9">
    <skipped/>
  </testcase> <!-- @AfterClass closebrowser -->
  <testcase classname="com.testclass.saucedemo.TS_Overview_finish_function" name="finish_scenario" time="0.0">
    <skipped/>
  </testcase> <!-- finish_scenario -->
</testsuite> <!-- Default test(failed)(failed)(failed) -->
