<?xml version="1.0" encoding="UTF-8"?>
<!-- Generated by org.testng.reporters.JUnitXMLReporter -->
<testsuite ignored="0" hostname="DESKTOP-PH7A22V" failures="0" tests="5" name="Test3" time="0.303" errors="0" timestamp="2022-04-13T16:13:20 IST">
  <testcase classname="com.testclass.saucedemo.BasetestClass" name="@BeforeClass Url" time="-1.649846600053E9">
    <failure type="org.testng.TestNGException" message="
Parameter &amp;apos;browserName&amp;apos; is required by BeforeClass on method Url but has not been marked @Optional or defined
in C:\Users\Kevin\eclipse-workspace\Saucedemo_project\testng3.xml">
      <![CDATA[org.testng.TestNGException: 
Parameter 'browserName' is required by BeforeClass on method Url but has not been marked @Optional or defined
in C:\Users\Kevin\eclipse-workspace\Saucedemo_project\testng3.xml
at java.base/java.util.ArrayList.forEach(ArrayList.java:1511)
... Removed 22 stack frames]]>
    </failure>
  </testcase> <!-- @BeforeClass Url -->
  <testcase classname="com.testclass.saucedemo.BasetestClass" name="@BeforeMethod loginmethod" time="-1.649846600111E9">
    <skipped/>
  </testcase> <!-- @BeforeMethod loginmethod -->
  <testcase classname="com.testclass.saucedemo.BasetestClass" name="@AfterMethod logoutmethod" time="-1.649846600155E9">
    <skipped/>
  </testcase> <!-- @AfterMethod logoutmethod -->
  <testcase classname="com.testclass.saucedemo.BasetestClass" name="@AfterClass closebrowser" time="-1.649846600161E9">
    <skipped/>
  </testcase> <!-- @AfterClass closebrowser -->
  <testcase classname="com.testclass.saucedemo.BasetestClass" name="@BeforeClass Url" time="-1.649846600174E9">
    <failure type="org.testng.TestNGException" message="
Parameter &amp;apos;browserName&amp;apos; is required by BeforeClass on method Url but has not been marked @Optional or defined
in C:\Users\Kevin\eclipse-workspace\Saucedemo_project\testng3.xml">
      <![CDATA[org.testng.TestNGException: 
Parameter 'browserName' is required by BeforeClass on method Url but has not been marked @Optional or defined
in C:\Users\Kevin\eclipse-workspace\Saucedemo_project\testng3.xml
at java.base/java.util.ArrayList.forEach(ArrayList.java:1511)
... Removed 22 stack frames]]>
    </failure>
  </testcase> <!-- @BeforeClass Url -->
  <testcase classname="com.testclass.saucedemo.BasetestClass" name="@BeforeMethod loginmethod" time="-1.649846600183E9">
    <skipped/>
  </testcase> <!-- @BeforeMethod loginmethod -->
  <testcase classname="com.testclass.saucedemo.BasetestClass" name="@AfterMethod logoutmethod" time="-1.649846600202E9">
    <skipped/>
  </testcase> <!-- @AfterMethod logoutmethod -->
  <testcase classname="com.testclass.saucedemo.BasetestClass" name="@AfterClass closebrowser" time="-1.649846600204E9">
    <skipped/>
  </testcase> <!-- @AfterClass closebrowser -->
  <testcase classname="com.testclass.saucedemo.BasetestClass" name="@BeforeClass Url" time="-1.649846600207E9">
    <failure type="org.testng.TestNGException" message="
Parameter &amp;apos;browserName&amp;apos; is required by BeforeClass on method Url but has not been marked @Optional or defined
in C:\Users\Kevin\eclipse-workspace\Saucedemo_project\testng3.xml">
      <![CDATA[org.testng.TestNGException: 
Parameter 'browserName' is required by BeforeClass on method Url but has not been marked @Optional or defined
in C:\Users\Kevin\eclipse-workspace\Saucedemo_project\testng3.xml
at java.base/java.util.ArrayList.forEach(ArrayList.java:1511)
... Removed 22 stack frames]]>
    </failure>
  </testcase> <!-- @BeforeClass Url -->
  <testcase classname="com.testclass.saucedemo.BasetestClass" name="@BeforeMethod loginmethod" time="-1.64984660021E9">
    <skipped/>
  </testcase> <!-- @BeforeMethod loginmethod -->
  <testcase classname="com.testclass.saucedemo.BasetestClass" name="@AfterMethod logoutmethod" time="-1.649846600229E9">
    <skipped/>
  </testcase> <!-- @AfterMethod logoutmethod -->
  <testcase classname="com.testclass.saucedemo.BasetestClass" name="@AfterClass closebrowser" time="-1.649846600234E9">
    <skipped/>
  </testcase> <!-- @AfterClass closebrowser -->
  <testcase classname="com.testclass.saucedemo.BasetestClass" name="@BeforeClass Url" time="-1.649846600236E9">
    <failure type="org.testng.TestNGException" message="
Parameter &amp;apos;browserName&amp;apos; is required by BeforeClass on method Url but has not been marked @Optional or defined
in C:\Users\Kevin\eclipse-workspace\Saucedemo_project\testng3.xml">
      <![CDATA[org.testng.TestNGException: 
Parameter 'browserName' is required by BeforeClass on method Url but has not been marked @Optional or defined
in C:\Users\Kevin\eclipse-workspace\Saucedemo_project\testng3.xml
at java.base/java.util.ArrayList.forEach(ArrayList.java:1511)
... Removed 22 stack frames]]>
    </failure>
  </testcase> <!-- @BeforeClass Url -->
  <testcase classname="com.testclass.saucedemo.BasetestClass" name="@BeforeMethod loginmethod" time="-1.649846600244E9">
    <skipped/>
  </testcase> <!-- @BeforeMethod loginmethod -->
  <testcase classname="com.testclass.saucedemo.BasetestClass" name="@AfterMethod logoutmethod" time="-1.649846600266E9">
    <skipped/>
  </testcase> <!-- @AfterMethod logoutmethod -->
  <testcase classname="com.testclass.saucedemo.BasetestClass" name="@AfterClass closebrowser" time="-1.649846600269E9">
    <skipped/>
  </testcase> <!-- @AfterClass closebrowser -->
  <testcase classname="com.testclass.saucedemo.BasetestClass" name="@BeforeClass Url" time="-1.649846600272E9">
    <failure type="org.testng.TestNGException" message="
Parameter &amp;apos;browserName&amp;apos; is required by BeforeClass on method Url but has not been marked @Optional or defined
in C:\Users\Kevin\eclipse-workspace\Saucedemo_project\testng3.xml">
      <![CDATA[org.testng.TestNGException: 
Parameter 'browserName' is required by BeforeClass on method Url but has not been marked @Optional or defined
in C:\Users\Kevin\eclipse-workspace\Saucedemo_project\testng3.xml
at java.base/java.util.ArrayList.forEach(ArrayList.java:1511)
... Removed 22 stack frames]]>
    </failure>
  </testcase> <!-- @BeforeClass Url -->
  <testcase classname="com.testclass.saucedemo.BasetestClass" name="@BeforeMethod loginmethod" time="-1.649846600287E9">
    <skipped/>
  </testcase> <!-- @BeforeMethod loginmethod -->
  <testcase classname="com.testclass.saucedemo.BasetestClass" name="@AfterMethod logoutmethod" time="-1.649846600306E9">
    <skipped/>
  </testcase> <!-- @AfterMethod logoutmethod -->
  <testcase classname="com.testclass.saucedemo.BasetestClass" name="@AfterClass closebrowser" time="-1.649846600312E9">
    <skipped/>
  </testcase> <!-- @AfterClass closebrowser -->
  <testcase classname="com.testclass.saucedemo.TS_Login_function" name="loginfunction" time="0.001">
    <skipped/>
  </testcase> <!-- loginfunction -->
  <testcase classname="com.testclass.saucedemo.TS_yourinfo_continue_function" name="continuefunctionality" time="0.0">
    <skipped/>
  </testcase> <!-- continuefunctionality -->
  <testcase classname="com.testclass.saucedemo.TS_Overview_finish_function" name="finish_scenario" time="0.0">
    <skipped/>
  </testcase> <!-- finish_scenario -->
  <testcase classname="com.testclass.saucedemo.TS_checkout_functionality" name="checkoutfunction" time="0.001">
    <skipped/>
  </testcase> <!-- checkoutfunction -->
  <testcase classname="com.testclass.saucedemo.TS_order_complete_back_function" name="ordercomplete_backbutton" time="0.0">
    <skipped/>
  </testcase> <!-- ordercomplete_backbutton -->
</testsuite> <!-- Test3 -->
